0 4 3 0 0 0 0 0 0 0 0
0.10000000000000001 4 3 0.0 0.0 0 0 0 0 0 0
0.20000000000000001 4 3 0.0 0.0 0 0 0 0 0 0
0.30000000000000004 4 3 0.0 0.0 0 0 0 0 0 0
0.40000000000000002 4 3 0.0 0.0 0 0 0 0 0 0
0.5 4 3 0.0 0.0 0 0 0 0 0 0
0.59999999999999998 4 3 0.0 0.0 0 0 0 0 0 0
0.69999999999999996 4 3 0.0 0.0 0 0 0 0 0 0
0.79999999999999993 4 3 0.0 0.0 0 0 0 0 0 0
0.89999999999999991 4 3 0.0 0.0 0 0 0 0 0 0
0.99999999999999989 4 3 0.0 0.0 0 0 0 0 0 0
1.0999999999999999 4 3 0.0 0.0 0 0 0 0 0 0
1.2 4 3 0.0 0.0 0 0 0 0 0 0
1.3 4 3 0.0 0.0 0 0 0 0 0 0
1.4000000000000001 4 3 0.0 0.0 0 0 0 0 0 0
1.5000000000000002 4 3 0.0 0.0 0 0 0 0 0 0
1.6000000000000003 4 3 0.0 0.0 0 0 0 0 0 0
1.7000000000000004 4 3 0.0 0.0 0 0 0 0 0 0
1.8000000000000005 4 3 0.0 0.0 0 0 0 0 0 0
1.9000000000000006 4 3 0.0 0.0 0 0 0 0 0 0
2.0000000000000004 4 3 0.0 0.0 0 0 0 0 0 0
2.1000000000000005 4 3 0.0 0.0 0 0 0 0 0 0
2.2000000000000006 4 3 0.0 0.0 0 0 0 0 0 0
2.3000000000000007 4 3 0.0 0.0 0 0 0 0 0 0
2.4000000000000008 4 3 0.0 0.0 0 0 0 0 0 0
2.5000000000000009 4 3 0.0 0.0 0 0 0 0 0 0
2.600000000000001 4 3 0.0 0.0 0 0 0 0 0 0
2.7000000000000011 4 3 0.0 0.0 0 0 0 0 0 0
2.8000000000000012 4 3 0.0 0.0 0 0 0 0 0 0
2.9000000000000012 4 3 0.0 0.0 0 0 0 0 0 0
3.0000000000000013 4 3 0.0 0.0 0 0 0 0 0 0
3.1000000000000014 4 3 0.0 0.0 0 0 0 0 0 0
3.2000000000000015 4 3 0.0 0.0 0 0 0 0 0 0
3.3000000000000016 4 3 0.0 0.0 0 0 0 0 0 0
3.4000000000000017 4 3 0.0 0.0 0 0 0 0 0 0
3.5000000000000018 4 3 0.0 0.0 0 0 0 0 0 0
3.6000000000000019 4 3 0.0 0.0 0 0 0 0 0 0
3.700000000000002 4 3 0.0 0.0 0 0 0 0 0 0
3.800000000000002 4 3 0.0 0.0 0 0 0 0 0 0
3.9000000000000021 4 3 0.0 0.0 0 0 0 0 0 0
4.0000000000000018 4 3 0.0 0.0 0 0 0 0 0 0
4.1000000000000014 4 3 0.0 0.0 0 0 0 0 0 0
4.2000000000000011 4 3 0.0 0.0 0 0 0 0 0 0
4.3000000000000007 4 3 0.0 0.0 0 0 0 0 0 0
4.4000000000000004 4 3 0.0 0.0 0 0 0 0 0 0
4.5 4 3 0.0 0.0 0 0 0 0 0 0
4.5999999999999996 4 3 0.0 0.0 0 0 0 0 0 0
4.6999999999999993 4 3 0.0 0.0 0 0 0 0 0 0
4.7999999999999989 4 3 0.0 0.0 0 0 0 0 0 0
4.8999999999999986 4 3 0.0 0.0 0 0 0 0 0 0
4.9999999999999982 4 3 0.0 0.0 0 0 0 0 0 0
5.0999999999999979 4 3 0.0 0.0 0 0 0 0 0 0
5.1999999999999975 4 3 0.0 0.0 0 0 0 0 0 0
5.2999999999999972 4 3 0.0 0.0 0 0 0 0 0 0
5.3999999999999968 4 3 0.0 0.0 0 0 0 0 0 0
5.4999999999999964 4 3 0.0 0.0 0 0 0 0 0 0
5.5999999999999961 4 3 0.0 0.0 0 0 0 0 0 0
5.6999999999999957 4 3 0.0 0.0 0 0 0 0 0 0
5.7999999999999954 4 3 0.0 0.0 0 0 0 0 0 0
5.899999999999995 4 3 0.0 0.0 0 0 0 0 0 0
5.9999999999999947 4 3 0.0 0.0 0 0 0 0 0 0
6.0999999999999943 4 3 0.0 0.0 0 0 0 0 0 0
6.199999999999994 4 3 0.0 0.0 0 0 0 0 0 0
6.2999999999999936 4 3 0.0 0.0 0 0 0 0 0 0
6.3999999999999932 4 3 0.0 0.0 0 0 0 0 0 0
6.4999999999999929 4 3 0.0 0.0 0 0 0 0 0 0
6.5999999999999925 4 3 0.0 0.0 0 0 0 0 0 0
6.6999999999999922 4 3 0.0 0.0 0 0 0 0 0 0
6.7999999999999918 4 3 0.0 0.0 0 0 0 0 0 0
6.8999999999999915 4 3 0.0 0.0 0 0 0 0 0 0
6.9999999999999911 4 3 0.0 0.0 0 0 0 0 0 0
7.0999999999999908 4 3 0.0 0.0 0 0 0 0 0 0
7.1999999999999904 4 3 0.0 0.0 0 0 0 0 0 0
7.2999999999999901 4 3 0.0 0.0 0 0 0 0 0 0
7.3999999999999897 4 3 0.0 0.0 0 0 0 0 0 0
7.4999999999999893 4 3 0.0 0.0 0 0 0 0 0 0
7.599999999999989 4 3 0.0 0.0 0 0 0 0 0 0
7.6999999999999886 4 3 0.0 0.0 0 0 0 0 0 0
7.7999999999999883 4 3 0.0 0.0 0 0 0 0 0 0
7.8999999999999879 4 3 0.0 0.0 0 0 0 0 0 0
7.9999999999999876 4 3 0.0 0.0 0 0 0 0 0 0
8.0999999999999872 4 3 0.0 0.0 0 0 0 0 0 0
8.1999999999999869 4 3 0.0 0.0 0 0 0 0 0 0
8.2999999999999865 4 3 0.0 0.0 0 0 0 0 0 0
8.3999999999999861 4 3 0.0 0.0 0 0 0 0 0 0
8.4999999999999858 4 3 0.0 0.0 0 0 0 0 0 0
8.5999999999999854 4 3 0.0 0.0 0 0 0 0 0 0
8.6999999999999851 4 3 0.0 0.0 0 0 0 0 0 0
8.7999999999999847 4 3 0.0 0.0 0 0 0 0 0 0
8.8999999999999844 4 3 0.0 0.0 0 0 0 0 0 0
8.999999999999984 4 3 0.0 0.0 0 0 0 0 0 0
9.0999999999999837 4 3 0.0 0.0 0 0 0 0 0 0
9.1999999999999833 4 3 0.0 0.0 0 0 0 0 0 0
9.2999999999999829 4 3 0.0 0.0 0 0 0 0 0 0
9.3999999999999826 4 3 0.0 0.0 0 0 0 0 0 0
9.4999999999999822 4 3 0.0 0.0 0 0 0 0 0 0
9.5999999999999819 4 3 0.0 0.0 0 0 0 0 0 0
9.6999999999999815 4 3 0.0 0.0 0 0 0 0 0 0
9.7999999999999812 4 3 0.0 0.0 0 0 0 0 0 0
9.8999999999999808 4 3 0.0 0.0 0 0 0 0 0 0
9.9999999999999805 4 3 0.0 0.0 0 0 0 0 0 0
