0 4 3 0 0 0 0 0 0 0 0
0.10000000000000001 4 3 0.0 0.0 0 0 0 0 0 0
0.20000000000000001 4 3 153.16032000000521 0.1474080000000047 218 218 0 223720 223720 0
0.30000000000000004 4 3 54.512639999993766 0.052415999999994002 328 328 0 338120 338120 0
0.40000000000000002 4 3 41.533439999993512 0.039935999999993761 463 463 0 478520 478520 0
0.5 4 3 22.064639999996555 0.021215999999996685 573 573 0 592920 592920 0
0.59999999999999998 4 3 10.383360000002996 0.0099840000000028812 701 701 0 726040 726040 0
0.69999999999999996 4 3 7.7875200000022478 0.0074880000000021613 827 827 0 857080 857080 0
0.79999999999999993 4 3 5.1916800000014982 0.0049920000000014406 907 907 0 940280 940280 0
0.89999999999999991 4 3 41.533440000011986 0.039936000000011525 1052 1052 0 1091080 1091080 0
0.99999999999999989 4 3 9.0854400000026221 0.0087360000000025213 1179 1179 0 1223160 1223160 0
1.0999999999999999 4 3 9.0854400000026221 0.0087360000000025213 1306 1306 0 1355240 1355240 0
1.2 4 3 7.7875200000022389 0.0074880000000021527 1429 1429 0 1483160 1483160 0
1.3 4 3 33.745920000009704 0.03244800000000933 1527 1527 0 1585080 1585080 0
1.4000000000000001 4 3 14.277120000004105 0.013728000000003947 1658 1658 0 1721320 1721320 0
1.5000000000000002 4 3 10.383360000002986 0.0099840000000028708 1787 1787 0 1855480 1855480 0
1.6000000000000003 4 3 7.7875200000022389 0.0074880000000021527 1913 1913 0 1986520 1986520 0
1.7000000000000004 4 3 5.1916800000014929 0.0049920000000014354 2003 2003 0 2080120 2080120 0
1.8000000000000005 4 3 38.937600000011194 0.037440000000010763 2136 2136 0 2218440 2218440 0
1.9000000000000006 4 3 11.681280000003358 0.011232000000003229 2265 2265 0 2352600 2352600 0
2.0000000000000004 4 3 10.383360000003009 0.0099840000000028933 2393 2393 0 2485720 2485720 0
2.1000000000000005 4 3 7.7875200000022389 0.0074880000000021527 2519 2519 0 2616760 2616760 0
2.2000000000000006 4 3 29.852160000008585 0.028704000000008254 2610 2610 0 2711400 2711400 0
2.3000000000000007 4 3 15.575040000004478 0.014976000000004305 2742 2742 0 2848680 2848680 0
2.4000000000000008 4 3 11.681280000003358 0.011232000000003229 2871 2871 0 2982840 2982840 0
2.5000000000000009 4 3 9.0854400000026114 0.0087360000000025126 2998 2998 0 3114920 3114920 0
2.600000000000001 4 3 3.8937600000011194 0.0037440000000010763 3106 3106 0 3227240 3227240 0
2.7000000000000011 4 3 36.341760000010446 0.03494400000001005 3216 3216 0 3341640 3341640 0
2.8000000000000012 4 3 12.979200000003733 0.012480000000003589 3346 3346 0 3476840 3476840 0
2.9000000000000012 4 3 10.383360000002986 0.0099840000000028708 3474 3474 0 3609960 3609960 0
3.0000000000000013 4 3 9.0854400000026114 0.0087360000000025126 3602 3602 0 3743080 3743080 0
3.1000000000000014 4 3 25.138880001094655 0.024172000001052553 3675 3675 0 3819000 3819000 0
3.2000000000000015 4 3 140.15040000087092 0.13476000000083743 3821 3821 0 3970840 3970840 0
3.3000000000000016 4 3 54.304640000836407 0.052216000000804237 3948 3948 0 4102920 4102920 0
3.4000000000000017 4 3 46.49632000033246 0.044708000000319673 4078 4078 0 4238120 4238120 0
3.5000000000000018 4 3 45.327360004642571 0.04358400000446401 4203 4203 0 4368120 4368120 0
3.6000000000000019 4 3 94.773120000166514 0.091128000000160109 4292 4292 0 4460680 4460680 0
3.700000000000002 4 3 66.297920001192821 0.063748000001146943 4425 4425 0 4599000 4599000 0
3.800000000000002 4 3 40.834560000033413 0.039264000000032127 4554 4554 0 4733160 4733160 0
3.9000000000000021 4 3 44.7740800010219 0.043052000000982596 4680 4680 0 4864200 4864200 0
4.0000000000000018 4 3 45.277440002382882 0.043536000002291228 4793 4793 0 4981720 4981720 0
4.1000000000000014 4 3 101.69535999997343 0.097783999999974461 4899 4899 0 5091960 5091960 0
4.2000000000000011 4 3 65.266240000613834 0.062756000000590229 5029 5029 0 5227160 5227160 0
4.3000000000000007 4 3 40.863680000036737 0.039292000000035326 5158 5158 0 5361320 5361320 0
4.4000000000000004 4 3 49.071360001919295 0.047184000001845472 5286 5286 0 5494440 5494440 0
4.5 4 3 26.074880000611337 0.025072000000587825 5361 5361 0 5572440 5572440 0
4.5999999999999996 4 3 123.67680000035621 0.1189200000003425 5504 5504 0 5721160 5721160 0
4.6999999999999993 4 3 54.367040000161829 0.052276000000155608 5634 5634 0 5856360 5856360 0
4.7999999999999989 4 3 42.960320000041612 0.041308000000040014 5760 5760 0 5987400 5987400 0
4.8999999999999986 4 3 51.484160002681463 0.049504000002578326 5888 5888 0 6120520 6120520 0
4.9999999999999982 4 3 94.773119999894448 0.091127999999898499 5978 5978 0 6214120 6214120 0
5.0999999999999979 4 3 59.242560000717717 0.056964000000690108 6107 6107 0 6348280 6348280 0
5.1999999999999975 4 3 47.390719999746437 0.045567999999756185 6238 6238 0 6484520 6484520 0
5.2999999999999972 4 3 42.174080000376939 0.040552000000362444 6366 6366 0 6617640 6617640 0
5.3999999999999968 4 3 49.874240002332648 0.047956000002242934 6485 6485 0 6741400 6741400 0
5.4999999999999964 4 3 99.665279999933531 0.095831999999936093 6583 6583 0 6843320 6843320 0
5.5999999999999961 4 3 64.50080000066572 0.062020000000640119 6714 6714 0 6979560 6979560 0
5.6999999999999957 4 3 40.364480000040857 0.038812000000039287 6840 6840 0 7110600 7110600 0
5.7999999999999954 4 3 45.772480001544999 0.044012000001485578 6969 6969 0 7244760 7244760 0
5.899999999999995 4 3 32.668480000969538 0.03141200000093225 7053 7053 0 7332120 7332120 0
5.9999999999999947 4 3 119.84960000028309 0.11524000000027221 7186 7186 0 7470440 7470440 0
6.0999999999999943 4 3 14.476799999991437 0.013919999999991767 7318 7318 0 7607720 7607720 0
6.199999999999994 4 3 10.383360000003032 0.0099840000000029142 7446 7446 0 7740840 7740840 0
6.2999999999999936 4 3 7.7875200000022735 0.0074880000000021865 7573 7573 0 7872920 7872920 0
6.3999999999999932 4 3 28.554240000008338 0.027456000000008016 7661 7661 0 7964440 7964440 0
6.4999999999999929 4 3 15.575040000004547 0.014976000000004373 7793 7793 0 8101720 8101720 0
6.5999999999999925 4 3 11.68128000000341 0.011232000000003279 7923 7923 0 8236920 8236920 0
6.6999999999999922 4 3 9.0854400000026523 0.0087360000000025508 8050 8050 0 8369000 8369000 0
6.7999999999999918 4 3 5.191680000001516 0.0049920000000014571 8173 8173 0 8496920 8496920 0
6.8999999999999915 4 3 33.745920000009853 0.032448000000009476 8267 8267 0 8594680 8594680 0
6.9999999999999911 4 3 14.277120000004169 0.013728000000004008 8398 8398 0 8730920 8730920 0
7.0999999999999908 4 3 10.383360000003032 0.0099840000000029142 8526 8526 0 8864040 8864040 0
7.1999999999999904 4 3 9.0854400000026523 0.0087360000000025508 8653 8653 0 8996120 8996120 0
7.2999999999999901 4 3 2.595840000000758 0.0024960000000007285 8736 8736 0 9082440 9082440 0
7.3999999999999897 4 3 38.937600000011365 0.03744000000001093 8872 8872 0 9223880 9223880 0
7.4999999999999893 4 3 12.979200000003789 0.012480000000003644 9002 9002 0 9359080 9359080 0
7.599999999999989 4 3 10.383360000003032 0.0099840000000029142 9130 9130 0 9492200 9492200 0
7.6999999999999886 4 3 7.7875200000022735 0.0074880000000021865 9257 9257 0 9624280 9624280 0
7.7999999999999883 4 3 28.554240000008338 0.027456000000008016 9345 9345 0 9715800 9715800 0
7.8999999999999879 4 3 15.575040000004547 0.014976000000004373 9477 9477 0 9853080 9853080 0
7.9999999999999876 4 3 11.68128000000341 0.011232000000003279 9606 9606 0 9987240 9987240 0
8.0999999999999872 4 3 9.0854400000026523 0.0087360000000025508 9734 9734 0 10120360 10120360 0
8.1999999999999869 4 3 5.191680000001516 0.0049920000000014571 9856 9856 0 10247240 10247240 0
8.2999999999999865 4 3 35.043840000010235 0.033696000000009836 9951 9951 0 10346040 10346040 0
8.3999999999999861 4 3 12.979200000003789 0.012480000000003644 10082 10082 0 10482280 10482280 0
8.4999999999999858 4 3 10.383360000003032 0.0099840000000029142 10210 10210 0 10615400 10615400 0
8.5999999999999854 4 3 9.0854400000026523 0.0087360000000025508 10337 10337 0 10747480 10747480 0
8.6999999999999851 4 3 2.595840000000758 0.0024960000000007285 10419 10419 0 10832760 10832760 0
8.7999999999999847 4 3 38.937600000011365 0.03744000000001093 10556 10556 0 10975240 10975240 0
8.8999999999999844 4 3 12.979200000003789 0.012480000000003644 10686 10686 0 11110440 11110440 0
8.999999999999984 4 3 10.383360000003032 0.0099840000000029142 10814 10814 0 11243560 11243560 0
9.0999999999999837 4 3 7.7875200000022735 0.0074880000000021865 10940 10940 0 11374600 11374600 0
9.1999999999999833 4 3 28.554240000008338 0.027456000000008016 11029 11029 0 11467160 11467160 0
9.2999999999999829 4 3 15.575040000004547 0.014976000000004373 11161 11161 0 11604440 11604440 0
9.3999999999999826 4 3 11.68128000000341 0.011232000000003279 11290 11290 0 11738600 11738600 0
9.4999999999999822 4 3 9.0854400000026523 0.0087360000000025508 11418 11418 0 11871720 11871720 0
9.5999999999999819 4 3 5.191680000001516 0.0049920000000014571 11539 11539 0 11997560 11997560 0
9.6999999999999815 4 3 35.043840000010235 0.033696000000009836 11635 11635 0 12097400 12097400 0
9.7999999999999812 4 3 12.979200000003789 0.012480000000003644 11765 11765 0 12232600 12232600 0
9.8999999999999808 4 3 10.383360000003032 0.0099840000000029142 11894 11894 0 12366760 12366760 0
9.9999999999999805 4 3 0.0 0.0 11895 11895 0 12367800 12367800 0
