0 4 3 0 0 0 0 0 0 0 0
0.10000000000000001 4 3 0.0 0.0 0 0 0 0 0 0
0.20000000000000001 4 3 2474.6758399999958 2.3794959999999965 13 7 0 12520 6280 0
0.30000000000000004 4 3 8714.6592000000055 8.3794800000000045 25 13 0 25000 12520 0
0.40000000000000002 4 3 15106.83408000001 14.525802000000011 37 20 0 37480 19800 0
0.5 4 3 21480.659200000013 20.654480000000014 49 26 0 49960 26040 0
0.59999999999999998 4 3 27876.65920000002 26.804480000000027 61 32 0 62440 32280 0
0.69999999999999996 4 3 34279.427520000027 32.960988000000029 75 38 0 77000 38520 0
0.79999999999999993 4 3 40720.659200000024 39.154480000000021 87 44 0 89480 44760 0
0.89999999999999991 4 3 47116.659200000031 45.304480000000034 99 50 0 101960 51000 0
0.99999999999999989 4 3 50491.950080000002 48.54995199999999 111 56 6 114440 57240 6240
1.0999999999999999 4 3 50475.124960000008 48.533774000000022 123 63 12 126920 64520 12480
1.2 4 3 50465.95008000001 48.524952000000006 135 69 18 139400 70760 18720
1.3 4 3 50465.950080000002 48.524952000000006 147 75 24 151880 77000 24960
1.4000000000000001 4 3 50482.766880000003 48.541121999999994 160 81 30 165400 83240 31200
1.5000000000000002 4 3 50491.95008000001 48.549952000000012 166 87 30 171640 89480 31200
1.6000000000000003 4 3 50491.95008000001 48.549952000000012 172 93 30 177880 95720 31200
1.7000000000000004 4 3 50488.124960000045 48.546274000000047 178 100 30 184120 103000 31200
1.8000000000000005 4 3 49258.499680000124 47.363942000000122 181 106 30 187240 109240 31200
1.9000000000000006 4 3 43930.049280000254 42.24043200000024 181 112 30 187240 115480 31200
2.0000000000000004 4 3 37534.049280000298 36.090432000000284 181 118 30 187240 121720 31200
2.1000000000000005 4 3 31138.049280000294 29.940432000000285 181 124 30 187240 127960 31200
2.2000000000000006 4 3 24742.049280000243 23.790432000000237 181 130 30 187240 134200 31200
2.3000000000000007 4 3 18346.049280000196 17.640432000000185 181 136 30 187240 140440 31200
2.4000000000000008 4 3 11933.22416000016 11.474254000000153 181 143 30 187240 147720 31200
2.5000000000000009 4 3 5528.0492800000802 5.3154320000000777 181 149 30 187240 153960 31200
2.600000000000001 4 3 1261.3057600000375 1.2127940000000359 187 154 30 193480 159160 31200
2.7000000000000011 4 3 4476.962880000061 4.3047720000000576 196 161 30 202840 166440 31200
2.8000000000000012 4 3 7665.7796800000897 7.3709420000000874 205 167 30 212200 172680 31200
2.9000000000000012 4 3 10863.779680000118 10.445942000000112 214 173 30 221560 178920 31200
3.0000000000000013 4 3 14094.531360000234 13.552434000000224 225 179 30 233000 185160 31200
3.1000000000000014 4 3 13838.647679999754 13.306391999999764 226 185 30 234040 191400 31200
3.2000000000000015 4 3 9556.010879999727 9.1884719999997397 228 191 30 236120 197640 31200
3.3000000000000016 4 3 4937.6225599996524 4.7477139999996654 231 198 30 239240 204920 31200
3.4000000000000017 4 3 1109.9212799997522 1.0672319999997617 232 202 30 240280 209080 31200
3.5000000000000018 4 3 168.13471999999678 0.1616679999999969 234 204 30 242360 211160 31200
3.6000000000000019 4 3 168.13471999999678 0.1616679999999969 237 207 30 245480 214280 31200
3.700000000000002 4 3 0.0 0.0 238 208 30 246520 215320 31200
3.800000000000002 4 3 168.13471999999678 0.1616679999999969 240 210 30 248600 217400 31200
3.9000000000000021 4 3 0.0 0.0 241 211 30 249640 218440 31200
4.0000000000000018 4 3 0.0 0.0 241 211 30 249640 218440 31200
4.1000000000000014 4 3 5149.3228800005691 4.9512720000005483 254 215 30 263160 222600 31200
4.2000000000000011 4 3 6510.429119999887 6.2600279999998909 254 221 30 263160 228840 31200
4.3000000000000007 4 3 4977.71872000032 4.7862680000003079 259 227 30 268360 235080 31200
4.4000000000000004 4 3 350.14304000004068 0.33667600000003917 259 229 30 268360 237160 31200
4.5 4 3 0.0 0.0 259 229 30 268360 237160 31200
4.5999999999999996 4 3 0.0 0.0 259 229 30 268360 237160 31200
4.6999999999999993 4 3 0.0 0.0 259 229 30 268360 237160 31200
4.7999999999999989 4 3 0.0 0.0 259 229 30 268360 237160 31200
4.8999999999999986 4 3 4491.5395200023504 4.31878800000226 285 231 30 295400 239240 31200
4.9999999999999982 4 3 22129.149119999729 21.278027999999743 285 237 30 295400 245480 31200
5.0999999999999979 4 3 15733.149119999876 15.128027999999878 285 243 30 295400 251720 31200
5.1999999999999975 4 3 9337.1491200000146 8.9780280000000143 285 249 30 295400 257960 31200
5.2999999999999972 4 3 2941.149120000156 2.8280280000001503 285 255 30 295400 264200 31200
5.3999999999999968 4 3 0.0 0.0 285 255 30 295400 264200 31200
5.4999999999999964 4 3 0.0 0.0 285 255 30 295400 264200 31200
5.5999999999999961 4 3 0.0 0.0 285 255 30 295400 264200 31200
5.6999999999999957 4 3 0.0 0.0 285 255 30 295400 264200 31200
5.7999999999999954 4 3 439.57472000002167 0.42266800000002086 288 258 30 298520 267320 31200
5.899999999999995 4 3 0.0 0.0 288 258 30 298520 267320 31200
5.9999999999999947 4 3 0.0 0.0 288 258 30 298520 267320 31200
6.0999999999999943 4 3 0.0 0.0 288 258 30 298520 267320 31200
6.199999999999994 4 3 0.0 0.0 288 258 30 298520 267320 31200
6.2999999999999936 4 3 0.0 0.0 288 258 30 298520 267320 31200
6.3999999999999932 4 3 0.0 0.0 288 258 30 298520 267320 31200
6.4999999999999929 4 3 0.0 0.0 288 258 30 298520 267320 31200
6.5999999999999925 4 3 6767.2592000033055 6.5069800000031783 316 260 30 327640 269400 31200
6.6999999999999922 4 3 23759.869119999559 22.846027999999574 316 266 30 327640 275640 31200
6.7999999999999918 4 3 17389.078720000009 16.720268000000008 319 272 30 330760 281880 31200
6.8999999999999915 4 3 35281.280320003047 33.924308000002931 347 279 30 359880 289160 31200
6.9999999999999911 4 3 40065.950080000031 38.524952000000027 353 285 30 366120 295400 31200
7.0999999999999908 4 3 40065.950080000031 38.524952000000027 359 291 30 372360 301640 31200
7.1999999999999904 4 3 40073.130239999977 38.531855999999976 366 297 30 379640 307880 31200
7.2999999999999901 4 3 40091.95008000001 38.549952000000005 372 303 30 385880 314120 31200
7.3999999999999897 4 3 40091.95008000001 38.549952000000005 378 309 30 392120 320360 31200
7.4999999999999893 4 3 40852.264959999891 39.281023999999903 385 315 30 399400 326600 31200
7.599999999999989 4 3 41111.761600000165 39.530540000000158 391 322 30 405640 333880 31200
7.6999999999999886 4 3 41105.950080000031 39.524952000000027 397 328 30 411880 340120 31200
7.7999999999999883 4 3 41105.950080000031 39.524952000000027 403 334 30 418120 346360 31200
7.8999999999999879 4 3 41126.130239999802 39.544355999999816 410 340 30 425400 352600 31200
7.9999999999999876 4 3 41131.95008000001 39.549952000000005 416 346 30 431640 358840 31200
8.0999999999999872 4 3 41203.264959999717 39.618523999999731 423 352 30 438920 365080 31200
8.1999999999999869 4 3 42164.761600000144 40.543040000000126 429 359 30 445160 372360 31200
8.2999999999999865 4 3 42145.950079999915 40.524951999999921 435 365 30 451400 378600 31200
8.3999999999999861 4 3 42145.950079999915 40.524951999999921 441 371 30 457640 384840 31200
8.4999999999999858 4 3 42153.130239999831 40.531855999999834 448 377 30 464920 391080 31200
8.5999999999999854 4 3 42171.950079999959 40.549951999999955 454 383 30 471160 397320 31200
8.6999999999999851 4 3 42171.950079999959 40.549951999999955 460 389 30 477400 403560 31200
8.7999999999999847 4 3 42256.264959999949 40.631023999999947 467 395 30 484680 409800 31200
8.8999999999999844 4 3 43191.761599999911 41.53053999999991 473 402 30 490920 417080 31200
8.999999999999984 4 3 43185.95007999993 41.524951999999921 479 408 30 497160 423320 31200
9.0999999999999837 4 3 43185.95007999993 41.524951999999921 485 414 30 503400 429560 31200
9.1999999999999833 4 3 43206.130240000064 41.54435600000005 492 420 30 510680 435800 31200
9.2999999999999829 4 3 43211.950079999959 41.549951999999955 498 426 30 516920 442040 31200
9.3999999999999826 4 3 43211.950079999959 41.549951999999955 504 432 30 523160 448280 31200
9.4999999999999822 4 3 43302.076479999938 41.636611999999936 511 439 30 530440 455560 31200
9.5999999999999819 4 3 44225.950079999915 42.524951999999921 517 445 30 536680 461800 31200
9.6999999999999815 4 3 44225.950079999915 42.524951999999921 523 451 30 542920 468040 31200
9.7999999999999812 4 3 44233.130240000246 42.531856000000239 530 457 30 550200 474280 31200
9.8999999999999808 4 3 44251.950079999944 42.549951999999955 536 463 30 556440 480520 31200
9.9999999999999805 4 3 41361.869119997653 39.771027999997749 536 469 30 556440 486760 31200
