0 4 3 0 0 0 0 0 0 0 0
0.10000000000000001 4 3 0.0 0.0 0 0 0 0 0 0
0.20000000000000001 4 3 2474.6758399999958 2.3794959999999965 13 7 0 12520 6280 0
0.30000000000000004 4 3 8714.6592000000055 8.3794800000000045 25 13 0 25000 12520 0
0.40000000000000002 4 3 15106.83408000001 14.525802000000011 37 20 0 37480 19800 0
0.5 4 3 21480.659200000013 20.654480000000014 49 26 0 49960 26040 0
0.59999999999999998 4 3 27876.65920000002 26.804480000000027 61 32 0 62440 32280 0
0.69999999999999996 4 3 34279.427520000027 32.960988000000029 75 38 0 77000 38520 0
0.79999999999999993 4 3 40720.659200000024 39.154480000000021 87 44 0 89480 44760 0
0.89999999999999991 4 3 47116.659200000031 45.304480000000034 99 50 0 101960 51000 0
0.99999999999999989 4 3 50491.950080000002 48.54995199999999 111 56 6 114440 57240 6240
1.0999999999999999 4 3 50475.124960000008 48.533774000000022 123 63 12 126920 64520 12480
1.2 4 3 50465.95008000001 48.524952000000006 135 69 18 139400 70760 18720
1.3 4 3 50465.950080000002 48.524952000000006 147 75 24 151880 77000 24960
1.4000000000000001 4 3 50482.766880000003 48.541121999999994 160 81 30 165400 83240 31200
1.5000000000000002 4 3 50491.95008000001 48.549952000000012 166 87 30 171640 89480 31200
1.6000000000000003 4 3 50491.95008000001 48.549952000000012 172 93 30 177880 95720 31200
1.7000000000000004 4 3 50488.124960000045 48.546274000000047 178 100 30 184120 103000 31200
1.8000000000000005 4 3 49258.499680000124 47.363942000000122 181 106 30 187240 109240 31200
1.9000000000000006 4 3 43930.049280000254 42.24043200000024 181 112 30 187240 115480 31200
2.0000000000000004 4 3 37534.049280000298 36.090432000000284 181 118 30 187240 121720 31200
2.1000000000000005 4 3 31138.049280000294 29.940432000000285 181 124 30 187240 127960 31200
2.2000000000000006 4 3 24742.049280000243 23.790432000000237 181 130 30 187240 134200 31200
2.3000000000000007 4 3 18346.049280000196 17.640432000000185 181 136 30 187240 140440 31200
2.4000000000000008 4 3 11933.22416000016 11.474254000000153 181 143 30 187240 147720 31200
2.5000000000000009 4 3 5528.0492800000802 5.3154320000000777 181 149 30 187240 153960 31200
2.600000000000001 4 3 1261.3057600000375 1.2127940000000359 187 154 30 193480 159160 31200
2.7000000000000011 4 3 4476.962880000061 4.3047720000000576 196 161 30 202840 166440 31200
2.8000000000000012 4 3 7665.7796800000897 7.3709420000000874 205 167 30 212200 172680 31200
2.9000000000000012 4 3 10863.779680000118 10.445942000000112 214 173 30 221560 178920 31200
3.0000000000000013 4 3 14094.531360000234 13.552434000000224 225 179 30 233000 185160 31200
3.1000000000000014 4 3 17311.779680000189 16.645942000000179 234 185 30 242360 191400 31200
3.2000000000000015 4 3 20509.779680000211 19.720942000000203 243 191 30 251720 197640 31200
3.3000000000000016 4 3 23703.962880000174 22.792272000000164 252 198 30 261080 204920 31200
3.4000000000000017 4 3 26879.779680000251 25.845942000000246 261 204 30 270440 211160 31200
3.5000000000000018 4 3 32556.794400001538 31.304610000001485 290 210 32 300600 217400 33280
3.6000000000000019 4 3 48760.71615999964 46.885303999999657 292 216 32 302680 223640 33280
3.700000000000002 4 3 42578.099199999415 40.94047999999944 292 222 32 302680 229880 33280
3.800000000000002 4 3 36182.099199999357 34.790479999999384 292 228 32 302680 236120 33280
3.9000000000000021 4 3 31288.354240000052 30.084956000000041 298 234 32 308920 242360 33280
4.0000000000000018 4 3 35864.849280000541 34.485432000000515 309 241 32 320360 249640 33280
4.1000000000000014 4 3 37985.950080000031 36.524952000000027 315 247 32 326600 255880 33280
4.2000000000000011 4 3 37985.950080000031 36.524952000000027 321 253 32 332840 262120 33280
4.3000000000000007 4 3 38002.758560000089 36.541114000000086 328 259 32 340120 268360 33280
4.4000000000000004 4 3 37376.524639999894 35.938965999999901 331 265 32 343240 274600 33280
4.5 4 3 31944.099199999899 30.715479999999904 331 271 32 343240 280840 33280
4.5999999999999996 4 3 25544.282400000062 24.561810000000062 331 278 32 343240 288120 33280
4.6999999999999993 4 3 19126.099200000204 18.390480000000199 331 284 32 343240 294360 33280
4.7999999999999989 4 3 12730.099200000352 12.240480000000334 331 290 32 343240 300600 33280
4.8999999999999986 4 3 6334.099200000489 6.0904800000004702 331 296 32 343240 306840 33280
4.9999999999999982 4 3 1266.6804800001005 1.2179620000000966 336 302 32 348440 313080 33280
5.0999999999999979 4 3 4223.6895999995359 4.0612399999995539 346 308 32 358840 319320 33280
5.1999999999999975 4 3 10359.294399998853 9.9608599999988989 360 314 32 373400 325560 33280
5.2999999999999972 4 3 16771.624479999165 16.126561999999197 371 320 32 384840 331800 33280
5.3999999999999968 4 3 19291.95008000001 18.549952000000008 377 326 32 391080 338040 33280
5.4999999999999964 4 3 19291.95008000001 18.549952000000008 383 332 32 397320 344280 33280
5.5999999999999961 4 3 19275.141600000268 18.533790000000256 389 339 32 403560 351560 33280
5.6999999999999957 4 3 20074.884959999774 19.302773999999779 396 345 32 410840 357800 33280
5.7999999999999954 4 3 20305.950080000035 19.524952000000031 402 351 32 417080 364040 33280
5.899999999999995 4 3 20322.750239999703 19.541105999999715 409 357 32 424360 370280 33280
5.9999999999999947 4 3 20711.884959999661 19.915273999999677 416 363 32 431640 376520 33280
6.0999999999999943 4 3 21371.950079999999 20.549952000000008 422 369 32 437880 382760 33280
6.199999999999994 4 3 21368.141600000406 20.546290000000397 428 376 32 444120 390040 33280
6.2999999999999936 4 3 21345.950080000028 20.524952000000031 434 382 32 450360 396280 33280
6.3999999999999932 4 3 21998.884959999599 21.152773999999614 441 388 32 457640 402520 33280
6.4999999999999929 4 3 22389.750239999554 21.528605999999574 448 394 32 464920 408760 33280
6.5999999999999925 4 3 22411.95008000001 21.549952000000008 454 400 32 471160 415000 33280
6.6999999999999922 4 3 22411.95008000001 21.549952000000008 460 406 32 477400 421240 33280
6.7999999999999918 4 3 23337.884959999483 22.440273999999505 467 412 32 484680 427480 33280
6.8999999999999915 4 3 23435.141600000581 22.533790000000558 473 419 32 490920 434760 33280
6.9999999999999911 4 3 23425.950080000035 22.524952000000031 479 425 32 497160 441000 33280
7.0999999999999908 4 3 23425.950080000035 22.524952000000031 485 431 32 503400 447240 33280
7.1999999999999904 4 3 24303.685119998772 23.368927999998814 493 437 32 511720 453480 33280
7.2999999999999901 4 3 24491.95008000001 23.549952000000008 499 443 32 517960 459720 33280
7.3999999999999897 4 3 24491.95008000001 23.549952000000008 505 449 32 524200 465960 33280
7.4999999999999893 4 3 24488.141600000723 23.546290000000699 511 456 32 530440 473240 33280
7.599999999999989 4 3 25261.884959999308 24.290273999999339 518 462 32 537720 479480 33280
7.6999999999999886 4 3 25505.950080000028 24.524952000000031 524 468 32 543960 485720 33280
7.7999999999999883 4 3 25509.750239999245 24.528605999999272 531 474 32 551240 491960 33280
7.8999999999999879 4 3 25531.950080000006 24.549952000000008 537 480 32 557480 498200 33280
7.9999999999999876 4 3 25924.884959999177 24.927773999999214 544 486 32 564760 504440 33280
8.0999999999999872 4 3 26571.950079999944 25.549951999999955 550 492 32 571000 510680 33280
8.1999999999999869 4 3 26555.141600000719 25.533790000000693 556 499 32 577240 517960 33280
8.2999999999999865 4 3 26545.950079999919 25.524951999999924 562 505 32 583480 524200 33280
8.3999999999999861 4 3 26545.950079999919 25.524951999999924 568 511 32 589720 530440 33280
8.4999999999999858 4 3 27592.685119998518 26.531427999998581 576 517 32 598040 536680 33280
8.5999999999999854 4 3 27611.950079999944 26.549951999999955 582 523 32 604280 542920 33280
8.6999999999999851 4 3 27611.950079999944 26.549951999999955 588 529 32 610520 549160 33280
8.7999999999999847 4 3 27608.141600000516 26.546290000000504 594 536 32 616760 556440 33280
8.8999999999999844 4 3 27874.884959999352 26.802773999999381 601 542 32 624040 562680 33280
8.999999999999984 4 3 28625.950079999919 27.524951999999924 607 548 32 630280 568920 33280
9.0999999999999837 4 3 28629.75023999943 27.52860599999946 614 554 32 637560 575160 33280
9.1999999999999833 4 3 28651.950079999948 27.549951999999955 620 560 32 643800 581400 33280
9.2999999999999829 4 3 28651.950079999948 27.549951999999955 626 566 32 650040 587640 33280
9.3999999999999826 4 3 29239.884959999534 28.115273999999559 633 572 32 657320 593880 33280
9.4999999999999822 4 3 29675.141600000283 28.533790000000284 639 579 32 663560 601160 33280
9.5999999999999819 4 3 29665.950079999911 28.524951999999924 645 585 32 669800 607400 33280
9.6999999999999815 4 3 29665.950079999908 28.524951999999924 651 591 32 676040 613640 33280
9.7999999999999812 4 3 29682.750239999656 28.541105999999679 658 597 32 683320 619880 33280
9.8999999999999808 4 3 30240.884959999705 29.077773999999717 665 603 32 690600 626120 33280
9.9999999999999805 4 3 27784.149120001173 26.715528000001132 665 609 32 690600 632360 33280
