0 4 3 0 0 0 0 0 0 0 0
0.10000000000000001 4 3 0.0 0.0 0 0 0 0 0 0
0.20000000000000001 4 3 189.51552000000333 0.18268800000000279 223 223 0 226920 226920 0
0.30000000000000004 4 3 58.406399999992296 0.056159999999992584 335 335 0 343400 343400 0
0.40000000000000002 4 3 53.214719999991686 0.051167999999992012 471 471 0 484840 484840 0
0.5 4 3 18.170879999997162 0.017471999999997271 588 588 0 606520 606520 0
0.59999999999999998 4 3 46.725120000010023 0.044928000000009634 723 723 0 746920 746920 0
0.69999999999999996 4 3 16.87296000000487 0.016224000000004683 825 825 0 853000 853000 0
0.79999999999999993 4 3 24.660480000007119 0.023712000000006846 961 961 0 994440 994440 0
0.89999999999999991 4 3 9.0854400000026221 0.0087360000000025213 1083 1083 0 1121320 1121320 0
0.99999999999999989 4 3 27.256320000007868 0.026208000000007566 1188 1188 0 1230520 1230520 0
1.0999999999999999 4 3 20.766720000005993 0.019968000000005762 1325 1325 0 1373000 1373000 0
1.2 4 3 10.383360000002986 0.0099840000000028708 1451 1451 0 1504040 1504040 0
1.3 4 3 36.341760000010446 0.03494400000001005 1552 1552 0 1609080 1609080 0
1.4000000000000001 4 3 19.468800000005597 0.018720000000005382 1687 1687 0 1749480 1749480 0
1.5000000000000002 4 3 14.277120000004105 0.013728000000003947 1818 1818 0 1885720 1885720 0
1.6000000000000003 4 3 23.362560000006717 0.022464000000006458 1908 1908 0 1979320 1979320 0
1.7000000000000004 4 3 24.660480000007091 0.023712000000006818 2047 2047 0 2123880 2123880 0
1.8000000000000005 4 3 15.575040000004478 0.014976000000004305 2179 2179 0 2261160 2261160 0
1.9000000000000006 4 3 7.7875200000022389 0.0074880000000021527 2283 2283 0 2369320 2369320 0
2.0000000000000004 4 3 31.150080000009027 0.02995200000000868 2410 2410 0 2501400 2501400 0
2.1000000000000005 4 3 18.170880000009841 0.017472000000009466 2545 2545 0 2641800 2641800 0
2.2000000000000006 4 3 7.7875200000022389 0.0074880000000021527 2648 2648 0 2748920 2748920 0
2.3000000000000007 4 3 24.660480000007091 0.023712000000006818 2779 2779 0 2885160 2885160 0
2.4000000000000008 4 3 15.575040000004478 0.014976000000004305 2911 2911 0 3022440 3022440 0
2.5000000000000009 4 3 20.766720000005972 0.019968000000005742 2998 2998 0 3112920 3112920 0
2.600000000000001 4 3 27.256320000007836 0.026208000000007534 3140 3140 0 3260600 3260600 0
2.7000000000000011 4 3 16.540160000868184 0.015904000000834792 3273 3272 0 3398920 3397880 0
2.8000000000000012 4 3 6.8223999991385336 0.0065599999991716668 3380 3380 0 3510200 3510200 0
2.9000000000000012 4 3 41.533440000011943 0.039936000000011483 3501 3501 0 3636040 3636040 0
3.0000000000000013 4 3 16.872960000004852 0.016224000000004665 3634 3634 0 3774360 3774360 0
3.1000000000000014 4 3 10.383360000002986 0.0099840000000028708 3756 3756 0 3901240 3901240 0
3.2000000000000015 4 3 24.660480000007091 0.023712000000006818 3863 3863 0 4012520 4012520 0
3.3000000000000016 4 3 20.766720000005972 0.019968000000005742 3999 3999 0 4153960 4153960 0
3.4000000000000017 4 3 10.383360000002986 0.0099840000000028708 4123 4123 0 4282920 4282920 0
3.5000000000000018 4 3 27.256320000007836 0.026208000000007534 4228 4228 0 4392120 4392120 0
3.6000000000000019 4 3 18.170880000005223 0.017472000000005025 4362 4362 0 4531480 4531480 0
3.700000000000002 4 3 12.979200000003733 0.012480000000003589 4493 4493 0 4667720 4667720 0
3.800000000000002 4 3 28.55424000000821 0.027456000000007894 4586 4586 0 4764440 4764440 0
3.9000000000000021 4 3 20.766720000005972 0.019968000000005742 4722 4722 0 4905880 4905880 0
4.0000000000000018 4 3 16.872960000004927 0.016224000000004738 4855 4855 0 5044200 5044200 0
4.1000000000000014 4 3 5.191680000001516 0.0049920000000014571 4947 4947 0 5139880 5139880 0
4.2000000000000011 4 3 40.235520000011746 0.038688000000011297 5082 5082 0 5280280 5280280 0
4.3000000000000007 4 3 18.170880000005305 0.017472000000005102 5216 5216 0 5419640 5419640 0
4.4000000000000004 4 3 9.0854400000026523 0.0087360000000025508 5333 5333 0 5541320 5541320 0
4.5 4 3 27.256320000007957 0.026208000000007652 5445 5445 0 5657800 5657800 0
4.5999999999999996 4 3 19.468800000005682 0.018720000000005465 5580 5580 0 5798200 5798200 0
4.6999999999999993 4 3 10.383360000003032 0.0099840000000029142 5705 5705 0 5928200 5928200 0
4.7999999999999989 4 3 22.064640000006442 0.021216000000006195 5815 5815 0 6042600 6042600 0
4.8999999999999986 4 3 15.575040000004547 0.014976000000004373 5947 5947 0 6179880 6179880 0
4.9999999999999982 4 3 7.7875200000022735 0.0074880000000021865 6046 6046 0 6282840 6282840 0
5.0999999999999979 4 3 40.235520000011746 0.038688000000011297 6175 6175 0 6417000 6417000 0
5.1999999999999975 4 3 15.575040000004547 0.014976000000004373 6308 6308 0 6555320 6555320 0
5.2999999999999972 4 3 12.979200000003789 0.012480000000003644 6436 6436 0 6688440 6688440 0
5.3999999999999968 4 3 33.745920000009853 0.032448000000009476 6535 6535 0 6791400 6791400 0
5.4999999999999964 4 3 18.170880000005305 0.017472000000005102 6669 6669 0 6930760 6930760 0
5.5999999999999961 4 3 15.575040000004547 0.014976000000004373 6801 6801 0 7068040 7068040 0
5.6999999999999957 4 3 11.68128000000341 0.011232000000003279 6891 6891 0 7161640 7161640 0
5.7999999999999954 4 3 29.852160000008716 0.028704000000008379 7035 7035 0 7311400 7311400 0
5.899999999999995 4 3 15.575040000004547 0.014976000000004373 7167 7167 0 7448680 7448680 0
5.9999999999999947 4 3 10.383360000003032 0.0099840000000029142 7255 7255 0 7540200 7540200 0
6.0999999999999943 4 3 29.852160000008716 0.028704000000008379 7398 7398 0 7688920 7688920 0
6.199999999999994 4 3 15.575040000004547 0.014976000000004373 7530 7530 0 7826200 7826200 0
6.2999999999999936 4 3 5.191680000001516 0.0049920000000014571 7611 7611 0 7910440 7910440 0
6.3999999999999932 4 3 41.533440000012128 0.039936000000011657 7758 7758 0 8063320 8063320 0
6.4999999999999929 4 3 16.872960000004927 0.016224000000004738 7891 7891 0 8201640 8201640 0
6.5999999999999925 4 3 9.0854400000026523 0.0087360000000025508 8017 8017 0 8332680 8332680 0
6.6999999999999922 4 3 35.043840000010235 0.033696000000009836 8116 8116 0 8435640 8435640 0
6.7999999999999918 4 3 20.766720000006064 0.019968000000005828 8253 8253 0 8578120 8578120 0
6.8999999999999915 4 3 12.979200000003789 0.012480000000003644 8383 8383 0 8713320 8713320 0
6.9999999999999911 4 3 14.277120000004169 0.013728000000004008 8475 8475 0 8809000 8809000 0
7.0999999999999908 4 3 27.256320000007957 0.026208000000007652 8616 8616 0 8955640 8955640 0
7.1999999999999904 4 3 12.979200000003789 0.012480000000003644 8746 8746 0 9090840 9090840 0
7.2999999999999901 4 3 12.979200000003789 0.012480000000003644 8846 8846 0 9194840 9194840 0
7.3999999999999897 4 3 23.36256000000682 0.022464000000006559 8984 8984 0 9338360 9338360 0
7.4999999999999893 4 3 10.383360000003032 0.0099840000000029142 9106 9106 0 9465240 9465240 0
7.599999999999989 4 3 36.341760000010609 0.034944000000010203 9211 9211 0 9574440 9574440 0
7.6999999999999886 4 3 18.170880000005305 0.017472000000005102 9345 9345 0 9713800 9713800 0
7.7999999999999883 4 3 14.277120000004169 0.013728000000004008 9477 9477 0 9851080 9851080 0
7.8999999999999879 4 3 19.136000004374477 0.018400000004206229 9563 9562 0 9940520 9939480 0
7.9999999999999876 4 3 28.887039995639544 0.027775999995807252 9705 9705 0 10088200 10088200 0
8.0999999999999872 4 3 16.872960000004927 0.016224000000004738 9838 9838 0 10226520 10226520 0
8.1999999999999869 4 3 7.7875200000022735 0.0074880000000021865 9945 9945 0 10337800 10337800 0
8.2999999999999865 4 3 31.150080000009094 0.029952000000008746 10069 10069 0 10466760 10466760 0
8.3999999999999861 4 3 18.170880000005305 0.017472000000005102 10204 10204 0 10607160 10607160 0
8.4999999999999858 4 3 6.4896000000018947 0.0062400000000018222 10306 10306 0 10713240 10713240 0
8.5999999999999854 4 3 31.150080000009094 0.029952000000008746 10433 10433 0 10845320 10845320 0
8.6999999999999851 4 3 16.872960000004927 0.016224000000004738 10566 10566 0 10983640 10983640 0
8.7999999999999847 4 3 7.7875200000022735 0.0074880000000021865 10685 10685 0 11107400 11107400 0
8.8999999999999844 4 3 36.341760000010609 0.034944000000010203 10792 10792 0 11218680 11218680 0
8.999999999999984 4 3 19.468800000005682 0.018720000000005465 10927 10927 0 11359080 11359080 0
9.0999999999999837 4 3 14.277120000004169 0.013728000000004008 11058 11058 0 11495320 11495320 0
9.1999999999999833 4 3 27.256320000007957 0.026208000000007652 11150 11150 0 11591000 11591000 0
9.2999999999999829 4 3 22.064640000006442 0.021216000000006195 11287 11287 0 11733480 11733480 0
9.3999999999999826 4 3 15.575040000004547 0.014976000000004373 11420 11420 0 11871800 11871800 0
9.4999999999999822 4 3 7.7875200000022735 0.0074880000000021865 11518 11518 0 11973720 11973720 0
9.5999999999999819 4 3 31.150080000009094 0.029952000000008746 11651 11651 0 12112040 12112040 0
9.6999999999999815 4 3 16.872960000004927 0.016224000000004738 11784 11784 0 12250360 12250360 0
9.7999999999999812 4 3 7.7875200000022735 0.0074880000000021865 11887 11887 0 12357480 12357480 0
9.8999999999999808 4 3 25.958400000007579 0.024960000000007289 12020 12020 0 12495800 12495800 0
9.9999999999999805 4 3 0.0 0.0 12020 12020 0 12495800 12495800 0
