0 0 1 0 0 0 0 0 0 0 0
0.10000000000000001 0 1 0.0 0.0 0 0 0 0 0 0
0.20000000000000001 0 1 0.0 0.0 1 1 0 40 40 0
0.30000000000000004 0 1 0.0 0.0 7 7 0 280 280 0
0.40000000000000002 0 1 0.0 0.0 27 27 0 1080 1080 0
0.5 0 1 0.0 0.0 63 63 0 2520 2520 0
0.59999999999999998 0 1 0.0 0.0 154 154 0 6160 6160 0
0.69999999999999996 0 1 0.0 0.0 274 274 0 10960 10960 0
0.79999999999999993 0 1 0.0 0.0 394 394 0 15760 15760 0
0.89999999999999991 0 1 0.0 0.0 514 514 0 20560 20560 0
0.99999999999999989 0 1 0.0 0.0 634 634 0 25360 25360 0
1.0999999999999999 0 1 0.0 0.0 755 755 0 30200 30200 0
1.2 0 1 0.0 0.0 875 875 0 35000 35000 0
1.3 0 1 0.0 0.0 995 995 0 39800 39800 0
1.4000000000000001 0 1 0.0 0.0 1115 1115 0 44600 44600 0
1.5000000000000002 0 1 0.0 0.0 1235 1235 0 49400 49400 0
1.6000000000000003 0 1 0.0 0.0 1356 1356 0 54240 54240 0
1.7000000000000004 0 1 0.0 0.0 1476 1476 0 59040 59040 0
1.8000000000000005 0 1 0.0 0.0 1596 1596 0 63840 63840 0
1.9000000000000006 0 1 0.0 0.0 1716 1716 0 68640 68640 0
2.0000000000000004 0 1 0.0 0.0 1836 1836 0 73440 73440 0
2.1000000000000005 0 1 0.0 0.0 1957 1957 0 78280 78280 0
2.2000000000000006 0 1 0.0 0.0 2077 2077 0 83080 83080 0
2.3000000000000007 0 1 0.0 0.0 2197 2197 0 87880 87880 0
2.4000000000000008 0 1 0.0 0.0 2317 2317 0 92680 92680 0
2.5000000000000009 0 1 0.0 0.0 2437 2437 0 97480 97480 0
2.600000000000001 0 1 0.0 0.0 2557 2557 0 102280 102280 0
2.7000000000000011 0 1 0.0 0.0 2678 2678 0 107120 107120 0
2.8000000000000012 0 1 0.0 0.0 2798 2798 0 111920 111920 0
2.9000000000000012 0 1 0.0 0.0 2918 2918 0 116720 116720 0
3.0000000000000013 0 1 0.0 0.0 3038 3038 0 121520 121520 0
3.1000000000000014 0 1 0.0 0.0 3158 3158 0 126320 126320 0
3.2000000000000015 0 1 0.0 0.0 3279 3279 0 131160 131160 0
3.3000000000000016 0 1 0.0 0.0 3399 3399 0 135960 135960 0
3.4000000000000017 0 1 0.0 0.0 3519 3519 0 140760 140760 0
3.5000000000000018 0 1 0.0 0.0 3639 3639 0 145560 145560 0
3.6000000000000019 0 1 0.0 0.0 3759 3759 0 150360 150360 0
3.700000000000002 0 1 0.0 0.0 3880 3880 0 155200 155200 0
3.800000000000002 0 1 0.0 0.0 4000 4000 0 160000 160000 0
3.9000000000000021 0 1 0.0 0.0 4120 4120 0 164800 164800 0
4.0000000000000018 0 1 0.0 0.0 4240 4240 0 169600 169600 0
4.1000000000000014 0 1 0.0 0.0 4360 4360 0 174400 174400 0
4.2000000000000011 0 1 0.0 0.0 4481 4481 0 179240 179240 0
4.3000000000000007 0 1 0.0 0.0 4601 4601 0 184040 184040 0
4.4000000000000004 0 1 0.0 0.0 4721 4721 0 188840 188840 0
4.5 0 1 0.0 0.0 4841 4841 0 193640 193640 0
4.5999999999999996 0 1 0.0 0.0 4961 4961 0 198440 198440 0
4.6999999999999993 0 1 0.0 0.0 5082 5082 0 203280 203280 0
4.7999999999999989 0 1 0.0 0.0 5202 5202 0 208080 208080 0
4.8999999999999986 0 1 0.0 0.0 5322 5322 0 212880 212880 0
4.9999999999999982 0 1 0.0 0.0 5442 5442 0 217680 217680 0
5.0999999999999979 0 1 0.0 0.0 5562 5562 0 222480 222480 0
5.1999999999999975 0 1 0.0 0.0 5683 5683 0 227320 227320 0
5.2999999999999972 0 1 0.0 0.0 5804 5804 0 232160 232160 0
5.3999999999999968 0 1 0.0 0.0 5925 5925 0 237000 237000 0
5.4999999999999964 0 1 0.0 0.0 6049 6049 0 241960 241960 0
5.5999999999999961 0 1 0.0 0.0 6169 6169 0 246760 246760 0
5.6999999999999957 0 1 0.0 0.0 6291 6291 0 251640 251640 0
5.7999999999999954 0 1 0.0 0.0 6411 6411 0 256440 256440 0
5.899999999999995 0 1 0.0 0.0 6532 6532 0 261280 261280 0
5.9999999999999947 0 1 0.0 0.0 6611 6611 0 264440 264440 0
6.0999999999999943 0 1 0.0 0.0 6725 6725 0 269000 269000 0
6.199999999999994 0 1 0.0 0.0 6847 6847 0 273880 273880 0
6.2999999999999936 0 1 0.0 0.0 6970 6970 0 278800 278800 0
6.3999999999999932 0 1 0.0 0.0 7090 7090 0 283600 283600 0
6.4999999999999929 0 1 0.0 0.0 7212 7212 0 288480 288480 0
6.5999999999999925 0 1 0.0 0.0 7316 7316 0 292640 292640 0
6.6999999999999922 0 1 0.0 0.0 7437 7437 0 297480 297480 0
6.7999999999999918 0 1 0.0 0.0 7558 7558 0 302320 302320 0
6.8999999999999915 0 1 0.0 0.0 7679 7679 0 307160 307160 0
6.9999999999999911 0 1 0.0 0.0 7802 7802 0 312080 312080 0
7.0999999999999908 0 1 0.0 0.0 7922 7922 0 316880 316880 0
7.1999999999999904 0 1 0.0 0.0 8043 8043 0 321720 321720 0
7.2999999999999901 0 1 0.0 0.0 8164 8164 0 326560 326560 0
7.3999999999999897 0 1 0.0 0.0 8266 8266 0 330640 330640 0
7.4999999999999893 0 1 0.0 0.0 8382 8382 0 335280 335280 0
7.599999999999989 0 1 0.0 0.0 8504 8504 0 340160 340160 0
7.6999999999999886 0 1 0.0 0.0 8624 8624 0 344960 344960 0
7.7999999999999883 0 1 0.0 0.0 8744 8744 0 349760 349760 0
7.8999999999999879 0 1 0.0 0.0 8864 8864 0 354560 354560 0
7.9999999999999876 0 1 0.0 0.0 8983 8983 0 359320 359320 0
8.0999999999999872 0 1 0.0 0.0 9103 9103 0 364120 364120 0
8.1999999999999869 0 1 0.0 0.0 9223 9223 0 368920 368920 0
8.2999999999999865 0 1 0.0 0.0 9344 9344 0 373760 373760 0
8.3999999999999861 0 1 0.0 0.0 9464 9464 0 378560 378560 0
8.4999999999999858 0 1 0.0 0.0 9565 9565 0 382600 382600 0
8.5999999999999854 0 1 0.0 0.0 9675 9675 0 387000 387000 0
8.6999999999999851 0 1 0.0 0.0 9795 9795 0 391800 391800 0
8.7999999999999847 0 1 0.0 0.0 9915 9915 0 396600 396600 0
8.8999999999999844 0 1 0.0 0.0 10036 10036 0 401440 401440 0
8.999999999999984 0 1 0.0 0.0 10155 10155 0 406200 406200 0
9.0999999999999837 0 1 0.0 0.0 10266 10266 0 410640 410640 0
9.1999999999999833 0 1 0.0 0.0 10366 10366 0 414640 414640 0
9.2999999999999829 0 1 0.0 0.0 10479 10479 0 419160 419160 0
9.3999999999999826 0 1 0.0 0.0 10600 10600 0 424000 424000 0
9.4999999999999822 0 1 0.0 0.0 10720 10720 0 428800 428800 0
9.5999999999999819 0 1 0.0 0.0 10840 10840 0 433600 433600 0
9.6999999999999815 0 1 0.0 0.0 10955 10955 0 438200 438200 0
9.7999999999999812 0 1 0.0 0.0 11058 11058 0 442320 442320 0
9.8999999999999808 0 1 0.0 0.0 11157 11157 0 446280 446280 0
9.9999999999999805 0 1 0.0 0.0 11260 11260 0 450400 450400 0
10.09999999999998 0 1 0.0 0.0 11374 11374 0 454960 454960 0
10.19999999999998 0 1 0.0 0.0 11499 11499 0 459960 459960 0
10.299999999999979 0 1 0.0 0.0 11619 11619 0 464760 464760 0
10.399999999999979 0 1 0.0 0.0 11741 11741 0 469640 469640 0
10.499999999999979 0 1 0.0 0.0 11861 11861 0 474440 474440 0
10.599999999999978 0 1 0.0 0.0 11974 11974 0 478960 478960 0
10.699999999999978 0 1 0.0 0.0 12086 12086 0 483440 483440 0
10.799999999999978 0 1 0.0 0.0 12209 12209 0 488360 488360 0
10.899999999999977 0 1 0.0 0.0 12331 12331 0 493240 493240 0
10.999999999999977 0 1 0.0 0.0 12453 12453 0 498120 498120 0
11.099999999999977 0 1 0.0 0.0 12574 12574 0 502960 502960 0
11.199999999999976 0 1 0.0 0.0 12695 12695 0 507800 507800 0
11.299999999999976 0 1 0.0 0.0 12816 12816 0 512640 512640 0
11.399999999999975 0 1 0.0 0.0 12938 12938 0 517520 517520 0
11.499999999999975 0 1 0.0 0.0 13061 13061 0 522440 522440 0
11.599999999999975 0 1 0.0 0.0 13182 13182 0 527280 527280 0
11.699999999999974 0 1 0.0 0.0 13303 13303 0 532120 532120 0
11.799999999999974 0 1 0.0 0.0 13402 13402 0 536080 536080 0
11.899999999999974 0 1 0.0 0.0 13521 13521 0 540840 540840 0
11.999999999999973 0 1 0.0 0.0 13641 13641 0 545640 545640 0
12.099999999999973 0 1 0.0 0.0 13761 13761 0 550440 550440 0
12.199999999999973 0 1 0.0 0.0 13882 13882 0 555280 555280 0
12.299999999999972 0 1 0.0 0.0 13988 13988 0 559520 559520 0
12.399999999999972 0 1 0.0 0.0 14105 14105 0 564200 564200 0
12.499999999999972 0 1 0.0 0.0 14226 14226 0 569040 569040 0
12.599999999999971 0 1 0.0 0.0 14346 14346 0 573840 573840 0
12.699999999999971 0 1 0.0 0.0 14466 14466 0 578640 578640 0
12.799999999999971 0 1 0.0 0.0 14586 14586 0 583440 583440 0
12.89999999999997 0 1 0.0 0.0 14706 14706 0 588240 588240 0
12.99999999999997 0 1 0.0 0.0 14827 14827 0 593080 593080 0
13.099999999999969 0 1 0.0 0.0 14947 14947 0 597880 597880 0
13.199999999999969 0 1 0.0 0.0 15067 15067 0 602680 602680 0
13.299999999999969 0 1 0.0 0.0 15187 15187 0 607480 607480 0
13.399999999999968 0 1 0.0 0.0 15307 15307 0 612280 612280 0
13.499999999999968 0 1 0.0 0.0 15429 15429 0 617160 617160 0
13.599999999999968 0 1 0.0 0.0 15549 15549 0 621960 621960 0
13.699999999999967 0 1 0.0 0.0 15669 15669 0 626760 626760 0
13.799999999999967 0 1 0.0 0.0 15789 15789 0 631560 631560 0
13.899999999999967 0 1 0.0 0.0 15909 15909 0 636360 636360 0
13.999999999999966 0 1 0.0 0.0 16030 16030 0 641200 641200 0
14.099999999999966 0 1 0.0 0.0 16151 16151 0 646040 646040 0
14.199999999999966 0 1 0.0 0.0 16261 16261 0 650440 650440 0
14.299999999999965 0 1 0.0 0.0 16296 16296 0 651840 651840 0
14.399999999999965 0 1 0.0 0.0 16384 16384 0 655360 655360 0
14.499999999999964 0 1 0.0 0.0 16492 16492 0 659680 659680 0
14.599999999999964 0 1 0.0 0.0 16614 16614 0 664560 664560 0
14.699999999999964 0 1 0.0 0.0 16734 16734 0 669360 669360 0
14.799999999999963 0 1 0.0 0.0 16855 16855 0 674200 674200 0
14.899999999999963 0 1 0.0 0.0 16975 16975 0 679000 679000 0
14.999999999999963 0 1 0.0 0.0 17095 17095 0 683800 683800 0
15.099999999999962 0 1 0.0 0.0 17216 17216 0 688640 688640 0
15.199999999999962 0 1 0.0 0.0 17336 17336 0 693440 693440 0
15.299999999999962 0 1 0.0 0.0 17458 17458 0 698320 698320 0
15.399999999999961 0 1 0.0 0.0 17581 17581 0 703240 703240 0
15.499999999999961 0 1 0.0 0.0 17692 17692 0 707680 707680 0
15.599999999999961 0 1 0.0 0.0 17815 17815 0 712600 712600 0
15.69999999999996 0 1 0.0 0.0 17937 17937 0 717480 717480 0
15.79999999999996 0 1 0.0 0.0 18057 18057 0 722280 722280 0
15.899999999999959 0 1 0.0 0.0 18156 18156 0 726240 726240 0
15.999999999999959 0 1 0.0 0.0 18279 18279 0 731160 731160 0
16.099999999999959 0 1 0.0 0.0 18401 18401 0 736040 736040 0
16.19999999999996 0 1 0.0 0.0 18523 18523 0 740920 740920 0
16.299999999999962 0 1 0.0 0.0 18644 18644 0 745760 745760 0
16.399999999999963 0 1 0.0 0.0 18766 18766 0 750640 750640 0
16.499999999999964 0 1 0.0 0.0 18888 18888 0 755520 755520 0
16.599999999999966 0 1 0.0 0.0 19008 19008 0 760320 760320 0
16.699999999999967 0 1 0.0 0.0 19128 19128 0 765120 765120 0
16.799999999999969 0 1 0.0 0.0 19248 19248 0 769920 769920 0
16.89999999999997 0 1 0.0 0.0 19368 19368 0 774720 774720 0
16.999999999999972 0 1 0.0 0.0 19488 19488 0 779520 779520 0
17.099999999999973 0 1 0.0 0.0 19609 19609 0 784360 784360 0
17.199999999999974 0 1 0.0 0.0 19729 19729 0 789160 789160 0
17.299999999999976 0 1 0.0 0.0 19849 19849 0 793960 793960 0
17.399999999999977 0 1 0.0 0.0 19969 19969 0 798760 798760 0
17.499999999999979 0 1 0.0 0.0 20089 20089 0 803560 803560 0
17.59999999999998 0 1 0.0 0.0 20210 20210 0 808400 808400 0
17.699999999999982 0 1 0.0 0.0 20330 20330 0 813200 813200 0
17.799999999999983 0 1 0.0 0.0 20450 20450 0 818000 818000 0
17.899999999999984 0 1 0.0 0.0 20570 20570 0 822800 822800 0
17.999999999999986 0 1 0.0 0.0 20685 20685 0 827400 827400 0
18.099999999999987 0 1 0.0 0.0 20805 20805 0 832200 832200 0
18.199999999999989 0 1 0.0 0.0 20925 20925 0 837000 837000 0
18.29999999999999 0 1 0.0 0.0 21046 21046 0 841840 841840 0
18.399999999999991 0 1 0.0 0.0 21167 21167 0 846680 846680 0
18.499999999999993 0 1 0.0 0.0 21287 21287 0 851480 851480 0
18.599999999999994 0 1 0.0 0.0 21378 21378 0 855120 855120 0
18.699999999999996 0 1 0.0 0.0 21465 21465 0 858600 858600 0
18.799999999999997 0 1 0.0 0.0 21582 21582 0 863280 863280 0
18.899999999999999 0 1 0.0 0.0 21687 21687 0 867480 867480 0
19 0 1 0.0 0.0 21791 21791 0 871640 871640 0
19.100000000000001 0 1 0.0 0.0 21911 21911 0 876440 876440 0
19.200000000000003 0 1 0.0 0.0 22032 22032 0 881280 881280 0
19.300000000000004 0 1 0.0 0.0 22152 22152 0 886080 886080 0
19.400000000000006 0 1 0.0 0.0 22272 22272 0 890880 890880 0
19.500000000000007 0 1 0.0 0.0 22393 22393 0 895720 895720 0
19.600000000000009 0 1 0.0 0.0 22513 22513 0 900520 900520 0
19.70000000000001 0 1 0.0 0.0 22634 22634 0 905360 905360 0
19.800000000000011 0 1 0.0 0.0 22754 22754 0 910160 910160 0
19.900000000000013 0 1 0.0 0.0 22874 22874 0 914960 914960 0
