0 4 3 0 0 0 0 0 0 0 0
0.10000000000000001 4 3 0.0 0.0 0 0 0 0 0 0
0.20000000000000001 4 3 189.51552000000333 0.18268800000000279 223 223 0 226920 226920 0
0.30000000000000004 4 3 58.406399999992296 0.056159999999992584 335 335 0 343400 343400 0
0.40000000000000002 4 3 53.214719999991686 0.051167999999992012 471 471 0 484840 484840 0
0.5 4 3 18.170879999997162 0.017471999999997271 588 588 0 606520 606520 0
0.59999999999999998 4 3 46.725120000010023 0.044928000000009634 723 723 0 746920 746920 0
0.69999999999999996 4 3 16.87296000000487 0.016224000000004683 825 825 0 853000 853000 0
0.79999999999999993 4 3 24.660480000007119 0.023712000000006846 961 961 0 994440 994440 0
0.89999999999999991 4 3 9.0854400000026221 0.0087360000000025213 1083 1083 0 1121320 1121320 0
0.99999999999999989 4 3 27.256320000007868 0.026208000000007566 1188 1188 0 1230520 1230520 0
1.0999999999999999 4 3 20.766720000005993 0.019968000000005762 1325 1325 0 1373000 1373000 0
1.2 4 3 10.383360000002986 0.0099840000000028708 1451 1451 0 1504040 1504040 0
1.3 4 3 36.341760000010446 0.03494400000001005 1552 1552 0 1609080 1609080 0
1.4000000000000001 4 3 19.468800000005597 0.018720000000005382 1687 1687 0 1749480 1749480 0
1.5000000000000002 4 3 14.277120000004105 0.013728000000003947 1818 1818 0 1885720 1885720 0
1.6000000000000003 4 3 23.362560000006717 0.022464000000006458 1908 1908 0 1979320 1979320 0
1.7000000000000004 4 3 24.660480000007091 0.023712000000006818 2047 2047 0 2123880 2123880 0
1.8000000000000005 4 3 15.575040000004478 0.014976000000004305 2179 2179 0 2261160 2261160 0
1.9000000000000006 4 3 7.7875200000022389 0.0074880000000021527 2283 2283 0 2369320 2369320 0
2.0000000000000004 4 3 31.150080000009027 0.02995200000000868 2410 2410 0 2501400 2501400 0
2.1000000000000005 4 3 18.170880000009841 0.017472000000009466 2545 2545 0 2641800 2641800 0
2.2000000000000006 4 3 7.7875200000022389 0.0074880000000021527 2648 2648 0 2748920 2748920 0
2.3000000000000007 4 3 24.660480000007091 0.023712000000006818 2779 2779 0 2885160 2885160 0
2.4000000000000008 4 3 15.575040000004478 0.014976000000004305 2911 2911 0 3022440 3022440 0
2.5000000000000009 4 3 20.766720000005972 0.019968000000005742 2998 2998 0 3112920 3112920 0
2.600000000000001 4 3 27.256320000007836 0.026208000000007534 3140 3140 0 3260600 3260600 0
2.7000000000000011 4 3 16.540160000868184 0.015904000000834792 3273 3272 0 3398920 3397880 0
2.8000000000000012 4 3 6.8223999991385336 0.0065599999991716668 3380 3380 0 3510200 3510200 0
2.9000000000000012 4 3 41.533440000011943 0.039936000000011483 3501 3501 0 3636040 3636040 0
3.0000000000000013 4 3 16.872960000004852 0.016224000000004665 3634 3634 0 3774360 3774360 0
3.1000000000000014 4 3 119.67488000010204 0.11507200000009811 3730 3730 0 3874200 3874200 0
3.2000000000000015 4 3 260.08320000013055 0.25008000000012554 3855 3855 0 4004200 4004200 0
3.3000000000000016 4 3 287.37280000013476 0.27632000000012957 3982 3982 0 4136280 4136280 0
3.4000000000000017 4 3 291.43296000013601 0.28022400000013081 4114 4114 0 4273560 4273560 0
3.5000000000000018 4 3 233.69216000009681 0.22470400000009308 4228 4228 0 4392120 4392120 0
3.6000000000000019 4 3 286.97344000015096 0.27593600000014518 4362 4362 0 4531480 4531480 0
3.700000000000002 4 3 254.72512000011506 0.24492800000011061 4480 4480 0 4654200 4654200 0
3.800000000000002 4 3 199.87968000008979 0.19219200000008635 4581 4581 0 4759240 4759240 0
3.9000000000000021 4 3 276.25728000080346 0.26563200000077258 4710 4710 0 4893400 4893400 0
4.0000000000000018 4 3 266.10688000014329 0.25587200000013777 4837 4837 0 5025480 5025480 0
4.1000000000000014 4 3 256.15615999956157 0.24630399999957842 4963 4963 0 5156520 5156520 0
4.2000000000000011 4 3 258.05311999972696 0.24812799999973745 5084 5084 0 5282360 5282360 0
4.3000000000000007 4 3 54.712319999892337 0.052607999999896481 5127 5127 0 5327080 5327080 0
4.4000000000000004 4 3 167.94751999987898 0.16148799999988364 5208 5208 0 5411320 5411320 0
4.5 4 3 288.88703999679882 0.27777599999692193 5335 5335 0 5543400 5543400 0
4.5999999999999996 4 3 275.45855999971945 0.26486399999973026 5463 5463 0 5676520 5676520 0
4.6999999999999993 4 3 277.85471998861152 0.26716799998904955 5592 5590 0 5810680 5808600 0
4.7999999999999989 4 3 309.3708800107816 0.29747200001036694 5723 5723 0 5946920 5946920 0
4.8999999999999986 4 3 261.08159999981405 0.25103999999982118 5845 5845 0 6073800 6073800 0
4.9999999999999982 4 3 273.79455999961618 0.26326399999963096 5971 5971 0 6204840 6204840 0
5.0999999999999979 4 3 238.65087999978783 0.22947199999979598 6084 6084 0 6322360 6322360 0
5.1999999999999975 4 3 276.5567999998342 0.26591999999984056 6203 6203 0 6446120 6446120 0
5.2999999999999972 4 3 304.81151999969535 0.29308799999970708 6334 6334 0 6582360 6582360 0
5.3999999999999968 4 3 227.1359999996414 0.2183999999996552 6451 6451 0 6704040 6704040 0
5.4999999999999964 4 3 147.63007999980269 0.14195199999981029 6530 6530 0 6786200 6786200 0
5.5999999999999961 4 3 297.2569599999307 0.28582399999993335 6650 6650 0 6911000 6911000 0
5.6999999999999957 4 3 264.77567999968011 0.2545919999996924 6774 6774 0 7039960 7039960 0
5.7999999999999954 4 3 309.40415999986436 0.29750399999986959 6902 6902 0 7173080 7173080 0
5.899999999999995 4 3 278.52031999971513 0.2678079999997261 7028 7028 0 7304120 7304120 0
5.9999999999999947 4 3 274.8927999998233 0.26431999999983008 7149 7149 0 7429960 7429960 0
6.0999999999999943 4 3 857.92512000547868 0.82492800000526789 7295 7295 0 7581800 7581800 0
6.199999999999994 4 3 140.60799999996101 0.13519999999996249 7421 7421 0 7712840 7712840 0
6.2999999999999936 4 3 15.575040000004547 0.014976000000004373 7551 7551 0 7848040 7848040 0
6.3999999999999932 4 3 7.7875200000022735 0.0074880000000021865 7661 7661 0 7962440 7962440 0
6.4999999999999929 4 3 40.235520000011746 0.038688000000011297 7779 7779 0 8085160 8085160 0
6.5999999999999925 4 3 14.277120000004169 0.013728000000004008 7910 7910 0 8221400 8221400 0
6.6999999999999922 4 3 14.277120000004169 0.013728000000004008 8035 8035 0 8351400 8351400 0
6.7999999999999918 4 3 21.132799992525339 0.020319999992812827 8140 8139 0 8460600 8459560 0
6.8999999999999915 4 3 22.996480007487545 0.022112000007199564 8277 8277 0 8603080 8603080 0
6.9999999999999911 4 3 10.383360000003032 0.0099840000000029142 8405 8405 0 8736200 8736200 0
7.0999999999999908 4 3 29.852160000008716 0.028704000000008379 8499 8499 0 8833960 8833960 0
7.1999999999999904 4 3 23.36256000000682 0.022464000000006559 8637 8637 0 8977480 8977480 0
7.2999999999999901 4 3 15.575040000004547 0.014976000000004373 8770 8770 0 9115800 9115800 0
7.3999999999999897 4 3 2.595840000000758 0.0024960000000007285 8854 8854 0 9203160 9203160 0
7.4999999999999893 4 3 42.831360000012502 0.041184000000012023 8996 8996 0 9350840 9350840 0
7.599999999999989 4 3 19.468800000005682 0.018720000000005465 9131 9131 0 9491240 9491240 0
7.6999999999999886 4 3 7.7875200000022735 0.0074880000000021865 9255 9255 0 9620200 9620200 0
7.7999999999999883 4 3 27.256320000007957 0.026208000000007652 9360 9360 0 9729400 9729400 0
7.8999999999999879 4 3 18.170880000005305 0.017472000000005102 9494 9494 0 9868760 9868760 0
7.9999999999999876 4 3 10.383360000003032 0.0099840000000029142 9617 9617 0 9996680 9996680 0
8.0999999999999872 4 3 32.448000000009472 0.031200000000009109 9718 9718 0 10101720 10101720 0
8.1999999999999869 4 3 20.766720000006064 0.019968000000005828 9854 9854 0 10243160 10243160 0
8.2999999999999865 4 3 14.277120000004169 0.013728000000004008 9986 9986 0 10380440 10380440 0
8.3999999999999861 4 3 6.4896000000018947 0.0062400000000018222 10065 10065 0 10462600 10462600 0
8.4999999999999858 4 3 42.831360000012502 0.041184000000012023 10215 10215 0 10618600 10618600 0
8.5999999999999854 4 3 15.575040000004547 0.014976000000004373 10347 10347 0 10755880 10755880 0
8.6999999999999851 4 3 7.7875200000022735 0.0074880000000021865 10464 10464 0 10877560 10877560 0
8.7999999999999847 4 3 31.150080000009094 0.029952000000008746 10578 10578 0 10996120 10996120 0
8.8999999999999844 4 3 15.575040000004547 0.014976000000004373 10711 10711 0 11134440 11134440 0
8.999999999999984 4 3 9.0854400000026523 0.0087360000000025508 10833 10833 0 11261320 11261320 0
9.0999999999999837 4 3 36.341760000010609 0.034944000000010203 10937 10937 0 11369480 11369480 0
9.1999999999999833 4 3 19.468800000005682 0.018720000000005465 11072 11072 0 11509880 11509880 0
9.2999999999999829 4 3 12.979200000003789 0.012480000000003644 11202 11202 0 11645080 11645080 0
9.3999999999999826 4 3 19.834879978734037 0.01907199997955196 11290 11289 0 11736600 11735560 0
9.4999999999999822 4 3 30.784000021280743 0.029600000020462251 11433 11433 0 11885320 11885320 0
9.5999999999999819 4 3 14.277120000004169 0.013728000000004008 11564 11564 0 12021560 12021560 0
9.6999999999999815 4 3 7.7875200000022735 0.0074880000000021865 11670 11670 0 12131800 12131800 0
9.7999999999999812 4 3 31.150080000009094 0.029952000000008746 11795 11795 0 12261800 12261800 0
9.8999999999999808 4 3 16.872960000004927 0.016224000000004738 11929 11929 0 12401160 12401160 0
9.9999999999999805 4 3 0.0 0.0 11930 11930 0 12402200 12402200 0
