0 4 3 0 0 0 0 0 0 0 0
0.10000000000000001 4 3 0.0 0.0 0 0 0 0 0 0
0.20000000000000001 4 3 16811.092479999959 16.164511999999966 85 46 0 87400 46840 0
0.30000000000000004 4 3 49382.149439999994 47.482836000000034 170 94 28 175800 96760 29120
0.40000000000000002 4 3 38325.060800000501 36.851020000000474 185 142 28 191400 146680 29120
0.5 4 3 5728.898240000065 5.5085560000000635 226 186 28 234040 192440 29120
0.59999999999999998 4 3 28964.341119999655 27.850327999999656 294 234 30 304760 242360 31200
0.69999999999999996 4 3 32131.141119999982 30.895327999999957 334 282 30 346360 292280 31200
0.79999999999999993 4 3 7960.3305600001004 7.6541640000000974 371 325 30 384840 337000 31200
0.89999999999999991 4 3 17653.762879999995 16.974772000000012 422 374 30 437880 387960 31200
0.99999999999999989 4 3 19882.212480000071 19.117512000000051 472 422 30 489880 437880 31200
1.0999999999999999 4 3 21922.276480000295 21.079112000000272 522 470 30 541880 487800 31200
1.2 4 3 23798.698560000248 22.883364000000242 571 518 30 592840 537720 31200
1.3 4 3 25697.892480000177 24.709512000000135 621 566 30 644840 587640 31200
1.4000000000000001 4 3 27305.316480000067 26.255112000000075 671 614 30 696840 637560 31200
1.5000000000000002 4 3 28938.794560000144 27.825764000000113 720 662 30 747800 687480 31200
1.6000000000000003 4 3 30431.972479999877 29.261511999999883 770 710 30 799800 737400 31200
1.7000000000000004 4 3 31953.962560000102 30.72496400000006 819 758 30 850760 787320 31200
1.8000000000000005 4 3 33278.277759999677 31.998343999999744 869 806 30 902760 837240 31200
1.9000000000000006 4 3 34690.148479999662 33.355911999999613 919 854 30 954760 887160 31200
2.0000000000000004 4 3 36034.090559999859 34.648163999999902 968 902 30 1005720 937080 31200
2.1000000000000005 4 3 37270.442559999763 35.836963999999789 1017 950 30 1056680 987000 31200
2.2000000000000006 4 3 38462.607040000054 36.983276000000053 1066 999 30 1107640 1037960 31200
2.3000000000000007 4 3 39654.954559999765 38.129763999999831 1115 1047 30 1158600 1087880 31200
2.4000000000000008 4 3 40815.332479999757 39.245511999999813 1165 1095 30 1210600 1137800 31200
2.5000000000000009 4 3 42021.162560000077 40.404964000000021 1214 1143 30 1261560 1187720 31200
2.600000000000001 4 3 43127.722560000089 41.468964000000078 1263 1191 30 1312520 1237640 31200
2.7000000000000011 4 3 44191.018560000193 42.491364000000154 1312 1239 30 1363480 1287560 31200
2.8000000000000012 4 3 45254.314560000254 43.513764000000215 1361 1287 30 1414440 1337480 31200
2.9000000000000012 4 3 46274.346560000238 44.494564000000267 1410 1335 30 1465400 1387400 31200
3.0000000000000013 4 3 47294.378560000332 45.475364000000354 1459 1383 30 1516360 1437320 31200
3.1000000000000014 4 3 34201.857039982446 32.886400999983117 1481 1431 30 1539240 1487240 31200
3.2000000000000015 4 3 6904.6140799852647 6.6390519999858304 1501 1471 30 1560040 1528840 31200
3.3000000000000016 4 3 438.4473599999111 0.42158399999991453 1527 1497 30 1587080 1555880 31200
3.4000000000000017 4 3 1075.7177599996605 1.0343439999996731 1556 1523 30 1617240 1582920 31200
3.5000000000000018 4 3 311.33960000003469 0.29936500000003335 1569 1539 30 1630760 1599560 31200
3.6000000000000019 4 3 2323.395359999522 2.2340339999995411 1597 1567 30 1659880 1628680 31200
3.700000000000002 4 3 886.0259199998701 0.85194799999987503 1611 1581 30 1674440 1643240 31200
3.800000000000002 4 3 1535.1481599999072 1.4761039999999102 1639 1602 30 1703560 1665080 31200
3.9000000000000021 4 3 1200.6269599994398 1.1544489999994612 1651 1621 30 1716040 1684840 31200
4.0000000000000018 4 3 1011.1888799998351 0.97229699999984109 1668 1638 30 1733720 1702520 31200
4.1000000000000014 4 3 1626.6192800007225 1.5640570000006948 1696 1664 30 1762840 1729560 31200
4.2000000000000011 4 3 823.74032000010902 0.79205800000010484 1706 1674 30 1773240 1739960 31200
4.3000000000000007 4 3 1626.0639200006433 1.5635230000006184 1726 1696 30 1794040 1762840 31200
4.4000000000000004 4 3 905.66944000033266 0.87083600000031991 1747 1717 30 1815880 1784680 31200
4.5 4 3 1085.7371200003836 1.0439780000003689 1764 1734 30 1833560 1802360 31200
4.5999999999999996 4 3 1521.6957599999362 1.4631689999999382 1794 1756 30 1864760 1825240 31200
4.6999999999999993 4 3 628.6841600011536 0.60450400000110915 1794 1764 30 1864760 1833560 31200
4.7999999999999989 4 3 2191.2519200009374 2.106973000000901 1822 1792 30 1893880 1862680 31200
4.8999999999999986 4 3 3339.7374400012386 3.2112860000011905 1847 1817 30 1919880 1888680 31200
4.9999999999999982 4 3 518.20184000009317 0.49827100000008961 1860 1829 30 1933400 1901160 31200
5.0999999999999979 4 3 1320.2352800001554 1.2694570000001493 1876 1844 30 1950040 1916760 31200
5.1999999999999975 4 3 2180.3714400010736 2.0965110000010321 1900 1870 30 1975000 1943800 31200
5.2999999999999972 4 3 622.28295999842521 0.59834899999848579 1924 1886 30 1999960 1960440 31200
5.3999999999999968 4 3 1680.0534400005311 1.615436000000511 1949 1912 30 2025960 1987480 31200
5.4999999999999964 4 3 1387.9060000019235 1.3345250000018496 1966 1934 30 2043640 2010360 31200
5.5999999999999961 4 3 908.95480000027192 0.87399500000026142 1981 1949 30 2059240 2025960 31200
5.6999999999999957 4 3 1312.3666400013294 1.2618910000012784 2001 1971 30 2080040 2048840 31200
5.7999999999999954 4 3 958.25808000035681 0.921402000000343 2022 1992 30 2101880 2070680 31200
5.899999999999995 4 3 1352.1913600006608 1.3001840000006351 2041 2011 30 2121640 2090440 31200
5.9999999999999947 4 3 1001.2558399994781 0.96274599999949817 2062 2030 30 2143480 2110200 31200
6.0999999999999943 4 3 364.03224000101687 0.35003100000097775 2071 2041 30 2152840 2121640 31200
6.199999999999994 4 3 2972.4999200013181 2.8581730000012686 2099 2069 30 2181960 2150760 31200
6.2999999999999936 4 3 11368.325279988741 10.931081999989173 2157 2097 30 2242280 2179880 31200
6.3999999999999932 4 3 44694.365040004181 42.975351000004011 2228 2145 34 2316120 2229800 35360
6.4999999999999929 4 3 48740.672240011583 46.866031000011155 2265 2194 35 2354600 2280760 36400
6.5999999999999925 4 3 14534.651040032331 13.975626000031079 2274 2237 35 2363960 2325480 36400
6.6999999999999922 4 3 15067.668719975401 14.488142999976342 2345 2285 35 2437800 2375400 36400
6.7999999999999918 4 3 26115.833119997758 25.111377999997863 2395 2333 35 2489800 2425320 36400
6.8999999999999915 4 3 27846.28704000037 26.775276000000382 2444 2382 35 2540760 2476280 36400
6.9999999999999911 4 3 29370.617119997358 28.240977999997433 2494 2430 35 2592760 2526200 36400
7.0999999999999908 4 3 30946.548879998722 29.756296999998789 2543 2478 35 2643720 2576120 36400
7.1999999999999904 4 3 32269.428879998646 31.02829699999868 2592 2526 35 2694680 2626040 36400
7.2999999999999901 4 3 33800.185119996429 32.500177999996573 2642 2574 35 2746680 2675960 36400
7.3999999999999897 4 3 35111.540879998262 33.761096999998344 2691 2622 35 2797640 2725880 36400
7.4999999999999893 4 3 36347.892879998151 34.949896999998217 2740 2670 35 2848600 2775800 36400
7.599999999999989 4 3 37584.244879998056 36.138696999998096 2789 2718 35 2899560 2825720 36400
7.6999999999999886 4 3 38883.705119995218 37.388177999995357 2839 2766 35 2951560 2875640 36400
7.7999999999999883 4 3 40080.986399994734 38.53940999999493 2889 2814 35 3003560 2925560 36400
7.8999999999999879 4 3 41231.732879997318 39.645896999997426 2938 2862 35 3054520 2975480 36400
7.9999999999999876 4 3 42338.292879997214 40.709896999997284 2987 2910 35 3105480 3025400 36400
8.0999999999999872 4 3 43444.852879995458 41.773896999995735 3036 2958 35 3156440 3075320 36400
8.1999999999999869 4 3 44507.919039998378 42.796075999998429 3085 3007 35 3207400 3126280 36400
8.2999999999999865 4 3 45569.780879995698 43.81709699999589 3134 3055 35 3258360 3176200 36400
8.3999999999999861 4 3 46589.812879995974 44.797896999996176 3183 3103 35 3309320 3226120 36400
8.4999999999999858 4 3 47609.844879996293 45.778696999996455 3232 3151 35 3360280 3276040 36400
8.5999999999999854 4 3 48586.612879996617 46.717896999996753 3281 3199 35 3411240 3325960 36400
8.6999999999999851 4 3 49563.380879996977 47.657096999997044 3330 3247 35 3462200 3375880 36400
8.7999999999999847 4 3 50264.048639998313 48.330815999998322 3379 3295 36 3513160 3425800 37440
8.8999999999999844 4 3 50142.0160800003 48.213477000000232 3424 3343 36 3559960 3475720 37440
8.999999999999984 4 3 21854.617200021603 21.01405500002079 3424 3388 36 3559960 3522520 37440
9.0999999999999837 4 3 14751.262239991225 14.183905999991563 3493 3435 36 3631720 3571400 37440
9.1999999999999833 4 3 24402.295839998242 23.463745999998277 3543 3483 36 3683720 3621320 37440
9.2999999999999829 4 3 26096.247839998858 25.092545999998936 3593 3531 36 3735720 3671240 37440
9.3999999999999826 4 3 27835.89223999887 26.765280999998893 3642 3579 36 3786680 3721160 37440
9.4999999999999822 4 3 29352.79672000101 28.223843000000983 3693 3627 36 3839720 3771080 37440
9.5999999999999819 4 3 30939.252239999707 29.74928099999973 3742 3675 36 3890680 3821000 37440
9.6999999999999815 4 3 32262.132239999966 31.021280999999931 3791 3723 36 3941640 3870920 37440
9.7999999999999812 4 3 33783.927840001961 32.484546000001878 3841 3771 36 3993640 3920840 37440
9.8999999999999808 4 3 35104.24424000048 33.754081000000561 3890 3819 36 4044600 3970760 37440
9.9999999999999805 4 3 12885.417999919388 12.389824999922494 3890 3854 36 4044600 4007160 37440
