0 0 1 0 0 0 0 0 0 0 0
0.10000000000000001 0 1 0.0 0.0 0 0 0 0 0 0
0.20000000000000001 0 1 0.0 0.0 1 1 0 40 40 0
0.30000000000000004 0 1 0.0 0.0 7 7 0 280 280 0
0.40000000000000002 0 1 0.0 0.0 27 27 0 1080 1080 0
0.5 0 1 0.0 0.0 63 63 0 2520 2520 0
0.59999999999999998 0 1 0.0 0.0 154 154 0 6160 6160 0
0.69999999999999996 0 1 0.0 0.0 274 274 0 10960 10960 0
0.79999999999999993 0 1 0.0 0.0 394 394 0 15760 15760 0
0.89999999999999991 0 1 0.0 0.0 514 514 0 20560 20560 0
0.99999999999999989 0 1 0.0 0.0 634 634 0 25360 25360 0
1.0999999999999999 0 1 0.0 0.0 755 755 0 30200 30200 0
1.2 0 1 0.0 0.0 875 875 0 35000 35000 0
1.3 0 1 0.0 0.0 995 995 0 39800 39800 0
1.4000000000000001 0 1 0.0 0.0 1115 1115 0 44600 44600 0
1.5000000000000002 0 1 0.0 0.0 1235 1235 0 49400 49400 0
1.6000000000000003 0 1 0.0 0.0 1356 1356 0 54240 54240 0
1.7000000000000004 0 1 0.0 0.0 1476 1476 0 59040 59040 0
1.8000000000000005 0 1 0.0 0.0 1596 1596 0 63840 63840 0
1.9000000000000006 0 1 0.0 0.0 1716 1716 0 68640 68640 0
2.0000000000000004 0 1 0.0 0.0 1836 1836 0 73440 73440 0
2.1000000000000005 0 1 0.0 0.0 1957 1957 0 78280 78280 0
2.2000000000000006 0 1 0.0 0.0 2077 2077 0 83080 83080 0
2.3000000000000007 0 1 0.0 0.0 2197 2197 0 87880 87880 0
2.4000000000000008 0 1 0.0 0.0 2317 2317 0 92680 92680 0
2.5000000000000009 0 1 0.0 0.0 2437 2437 0 97480 97480 0
2.600000000000001 0 1 0.0 0.0 2557 2557 0 102280 102280 0
2.7000000000000011 0 1 0.0 0.0 2678 2678 0 107120 107120 0
2.8000000000000012 0 1 0.0 0.0 2798 2798 0 111920 111920 0
2.9000000000000012 0 1 0.0 0.0 2918 2918 0 116720 116720 0
3.0000000000000013 0 1 0.0 0.0 3038 3038 0 121520 121520 0
3.1000000000000014 0 1 0.0 0.0 3158 3158 0 126320 126320 0
3.2000000000000015 0 1 0.0 0.0 3279 3279 0 131160 131160 0
3.3000000000000016 0 1 0.0 0.0 3399 3399 0 135960 135960 0
3.4000000000000017 0 1 0.0 0.0 3519 3519 0 140760 140760 0
3.5000000000000018 0 1 0.0 0.0 3639 3639 0 145560 145560 0
3.6000000000000019 0 1 0.0 0.0 3759 3759 0 150360 150360 0
3.700000000000002 0 1 0.0 0.0 3880 3880 0 155200 155200 0
3.800000000000002 0 1 0.0 0.0 4000 4000 0 160000 160000 0
3.9000000000000021 0 1 0.0 0.0 4120 4120 0 164800 164800 0
4.0000000000000018 0 1 0.0 0.0 4240 4240 0 169600 169600 0
4.1000000000000014 0 1 0.0 0.0 4360 4360 0 174400 174400 0
4.2000000000000011 0 1 0.0 0.0 4481 4481 0 179240 179240 0
4.3000000000000007 0 1 0.0 0.0 4601 4601 0 184040 184040 0
4.4000000000000004 0 1 0.0 0.0 4721 4721 0 188840 188840 0
4.5 0 1 0.0 0.0 4841 4841 0 193640 193640 0
4.5999999999999996 0 1 0.0 0.0 4961 4961 0 198440 198440 0
4.6999999999999993 0 1 0.0 0.0 5082 5082 0 203280 203280 0
4.7999999999999989 0 1 0.0 0.0 5202 5202 0 208080 208080 0
4.8999999999999986 0 1 0.0 0.0 5322 5322 0 212880 212880 0
4.9999999999999982 0 1 0.0 0.0 5442 5442 0 217680 217680 0
5.0999999999999979 0 1 0.0 0.0 5564 5564 0 222560 222560 0
5.1999999999999975 0 1 0.0 0.0 5686 5686 0 227440 227440 0
5.2999999999999972 0 1 0.0 0.0 5807 5807 0 232280 232280 0
5.3999999999999968 0 1 0.0 0.0 5928 5928 0 237120 237120 0
5.4999999999999964 0 1 0.0 0.0 6048 6048 0 241920 241920 0
5.5999999999999961 0 1 0.0 0.0 6169 6169 0 246760 246760 0
5.6999999999999957 0 1 0.0 0.0 6223 6223 0 248920 248920 0
5.7999999999999954 0 1 0.0 0.0 6303 6303 0 252120 252120 0
5.899999999999995 0 1 0.0 0.0 6423 6423 0 256920 256920 0
5.9999999999999947 0 1 0.0 0.0 6545 6545 0 261800 261800 0
6.0999999999999943 0 1 0.0 0.0 6666 6666 0 266640 266640 0
6.199999999999994 0 1 0.0 0.0 6783 6783 0 271320 271320 0
6.2999999999999936 0 1 0.0 0.0 6899 6899 0 275960 275960 0
6.3999999999999932 0 1 0.0 0.0 7020 7020 0 280800 280800 0
6.4999999999999929 0 1 0.0 0.0 7140 7140 0 285600 285600 0
6.5999999999999925 0 1 0.0 0.0 7235 7235 0 289400 289400 0
6.6999999999999922 0 1 0.0 0.0 7347 7347 0 293880 293880 0
6.7999999999999918 0 1 0.0 0.0 7469 7469 0 298760 298760 0
6.8999999999999915 0 1 0.0 0.0 7591 7591 0 303640 303640 0
6.9999999999999911 0 1 0.0 0.0 7713 7713 0 308520 308520 0
7.0999999999999908 0 1 0.0 0.0 7813 7813 0 312520 312520 0
7.1999999999999904 0 1 0.0 0.0 7933 7933 0 317320 317320 0
7.2999999999999901 0 1 0.0 0.0 8053 8053 0 322120 322120 0
7.3999999999999897 0 1 0.0 0.0 8174 8174 0 326960 326960 0
7.4999999999999893 0 1 0.0 0.0 8294 8294 0 331760 331760 0
7.599999999999989 0 1 0.0 0.0 8414 8414 0 336560 336560 0
7.6999999999999886 0 1 0.0 0.0 8534 8534 0 341360 341360 0
7.7999999999999883 0 1 0.0 0.0 8654 8654 0 346160 346160 0
7.8999999999999879 0 1 0.0 0.0 8775 8775 0 351000 351000 0
7.9999999999999876 0 1 0.0 0.0 8895 8895 0 355800 355800 0
8.0999999999999872 0 1 0.0 0.0 9015 9015 0 360600 360600 0
8.1999999999999869 0 1 0.0 0.0 9135 9135 0 365400 365400 0
8.2999999999999865 0 1 0.0 0.0 9255 9255 0 370200 370200 0
8.3999999999999861 0 1 0.0 0.0 9376 9376 0 375040 375040 0
8.4999999999999858 0 1 0.0 0.0 9498 9498 0 379920 379920 0
8.5999999999999854 0 1 0.0 0.0 9618 9618 0 384720 384720 0
8.6999999999999851 0 1 0.0 0.0 9738 9738 0 389520 389520 0
8.7999999999999847 0 1 0.0 0.0 9858 9858 0 394320 394320 0
8.8999999999999844 0 1 0.0 0.0 9978 9978 0 399120 399120 0
8.999999999999984 0 1 0.0 0.0 10099 10099 0 403960 403960 0
9.0999999999999837 0 1 0.0 0.0 10219 10219 0 408760 408760 0
9.1999999999999833 0 1 0.0 0.0 10329 10329 0 413160 413160 0
9.2999999999999829 0 1 0.0 0.0 10447 10447 0 417880 417880 0
9.3999999999999826 0 1 0.0 0.0 10557 10557 0 422280 422280 0
9.4999999999999822 0 1 0.0 0.0 10666 10666 0 426640 426640 0
9.5999999999999819 0 1 0.0 0.0 10761 10761 0 430440 430440 0
9.6999999999999815 0 1 0.0 0.0 10834 10834 0 433360 433360 0
9.7999999999999812 0 1 0.0 0.0 10928 10928 0 437120 437120 0
9.8999999999999808 0 1 0.0 0.0 11017 11017 0 440680 440680 0
9.9999999999999805 0 1 0.0 0.0 11128 11128 0 445120 445120 0
10.09999999999998 0 1 0.0 0.0 11241 11241 0 449640 449640 0
10.19999999999998 0 1 0.0 0.0 11352 11352 0 454080 454080 0
10.299999999999979 0 1 0.0 0.0 11468 11468 0 458720 458720 0
10.399999999999979 0 1 0.0 0.0 11590 11590 0 463600 463600 0
10.499999999999979 0 1 0.0 0.0 11712 11712 0 468480 468480 0
10.599999999999978 0 1 0.0 0.0 11833 11833 0 473320 473320 0
10.699999999999978 0 1 0.0 0.0 11955 11955 0 478200 478200 0
10.799999999999978 0 1 0.0 0.0 12072 12072 0 482880 482880 0
10.899999999999977 0 1 0.0 0.0 12192 12192 0 487680 487680 0
10.999999999999977 0 1 0.0 0.0 12313 12313 0 492520 492520 0
11.099999999999977 0 1 0.0 0.0 12433 12433 0 497320 497320 0
11.199999999999976 0 1 0.0 0.0 12555 12555 0 502200 502200 0
11.299999999999976 0 1 0.0 0.0 12671 12671 0 506840 506840 0
11.399999999999975 0 1 0.0 0.0 12795 12795 0 511800 511800 0
11.499999999999975 0 1 0.0 0.0 12915 12915 0 516600 516600 0
11.599999999999975 0 1 0.0 0.0 13037 13037 0 521480 521480 0
11.699999999999974 0 1 0.0 0.0 13159 13159 0 526360 526360 0
11.799999999999974 0 1 0.0 0.0 13261 13261 0 530440 530440 0
11.899999999999974 0 1 0.0 0.0 13382 13382 0 535280 535280 0
11.999999999999973 0 1 0.0 0.0 13503 13503 0 540120 540120 0
12.099999999999973 0 1 0.0 0.0 13624 13624 0 544960 544960 0
12.199999999999973 0 1 0.0 0.0 13744 13744 0 549760 549760 0
12.299999999999972 0 1 0.0 0.0 13864 13864 0 554560 554560 0
12.399999999999972 0 1 0.0 0.0 13985 13985 0 559400 559400 0
12.499999999999972 0 1 0.0 0.0 14105 14105 0 564200 564200 0
12.599999999999971 0 1 0.0 0.0 14226 14226 0 569040 569040 0
12.699999999999971 0 1 0.0 0.0 14342 14342 0 573680 573680 0
12.799999999999971 0 1 0.0 0.0 14465 14465 0 578600 578600 0
12.89999999999997 0 1 0.0 0.0 14586 14586 0 583440 583440 0
12.99999999999997 0 1 0.0 0.0 14706 14706 0 588240 588240 0
13.099999999999969 0 1 0.0 0.0 14826 14826 0 593040 593040 0
13.199999999999969 0 1 0.0 0.0 14934 14934 0 597360 597360 0
13.299999999999969 0 1 0.0 0.0 15050 15050 0 602000 602000 0
13.399999999999968 0 1 0.0 0.0 15171 15171 0 606840 606840 0
13.499999999999968 0 1 0.0 0.0 15291 15291 0 611640 611640 0
13.599999999999968 0 1 0.0 0.0 15411 15411 0 616440 616440 0
13.699999999999967 0 1 0.0 0.0 15526 15526 0 621040 621040 0
13.799999999999967 0 1 0.0 0.0 15642 15642 0 625680 625680 0
13.899999999999967 0 1 0.0 0.0 15747 15747 0 629880 629880 0
13.999999999999966 0 1 0.0 0.0 15830 15830 0 633200 633200 0
14.099999999999966 0 1 0.0 0.0 15896 15896 0 635840 635840 0
14.199999999999966 0 1 0.0 0.0 15962 15962 0 638480 638480 0
14.299999999999965 0 1 0.0 0.0 16020 16020 0 640800 640800 0
14.399999999999965 0 1 0.0 0.0 16074 16074 0 642960 642960 0
14.499999999999964 0 1 0.0 0.0 16132 16132 0 645280 645280 0
14.599999999999964 0 1 0.0 0.0 16206 16206 0 648240 648240 0
14.699999999999964 0 1 0.0 0.0 16278 16278 0 651120 651120 0
14.799999999999963 0 1 0.0 0.0 16356 16356 0 654240 654240 0
14.899999999999963 0 1 0.0 0.0 16443 16443 0 657720 657720 0
14.999999999999963 0 1 0.0 0.0 16528 16528 0 661120 661120 0
15.099999999999962 0 1 0.0 0.0 16637 16637 0 665480 665480 0
15.199999999999962 0 1 0.0 0.0 16745 16745 0 669800 669800 0
15.299999999999962 0 1 0.0 0.0 16866 16866 0 674640 674640 0
15.399999999999961 0 1 0.0 0.0 16988 16988 0 679520 679520 0
15.499999999999961 0 1 0.0 0.0 17110 17110 0 684400 684400 0
15.599999999999961 0 1 0.0 0.0 17230 17230 0 689200 689200 0
15.69999999999996 0 1 0.0 0.0 17351 17351 0 694040 694040 0
15.79999999999996 0 1 0.0 0.0 17474 17474 0 698960 698960 0
15.899999999999959 0 1 0.0 0.0 17595 17595 0 703800 703800 0
15.999999999999959 0 1 0.0 0.0 17718 17718 0 708720 708720 0
16.099999999999959 0 1 0.0 0.0 17839 17839 0 713560 713560 0
16.19999999999996 0 1 0.0 0.0 17959 17959 0 718360 718360 0
16.299999999999962 0 1 0.0 0.0 18055 18055 0 722200 722200 0
16.399999999999963 0 1 0.0 0.0 18143 18143 0 725720 725720 0
16.499999999999964 0 1 0.0 0.0 18262 18262 0 730480 730480 0
16.599999999999966 0 1 0.0 0.0 18384 18384 0 735360 735360 0
16.699999999999967 0 1 0.0 0.0 18505 18505 0 740200 740200 0
16.799999999999969 0 1 0.0 0.0 18625 18625 0 745000 745000 0
16.89999999999997 0 1 0.0 0.0 18745 18745 0 749800 749800 0
16.999999999999972 0 1 0.0 0.0 18866 18866 0 754640 754640 0
17.099999999999973 0 1 0.0 0.0 18988 18988 0 759520 759520 0
17.199999999999974 0 1 0.0 0.0 19094 19094 0 763760 763760 0
17.299999999999976 0 1 0.0 0.0 19204 19204 0 768160 768160 0
17.399999999999977 0 1 0.0 0.0 19325 19325 0 773000 773000 0
17.499999999999979 0 1 0.0 0.0 19445 19445 0 777800 777800 0
17.59999999999998 0 1 0.0 0.0 19565 19565 0 782600 782600 0
17.699999999999982 0 1 0.0 0.0 19685 19685 0 787400 787400 0
17.799999999999983 0 1 0.0 0.0 19805 19805 0 792200 792200 0
17.899999999999984 0 1 0.0 0.0 19926 19926 0 797040 797040 0
17.999999999999986 0 1 0.0 0.0 20046 20046 0 801840 801840 0
18.099999999999987 0 1 0.0 0.0 20163 20163 0 806520 806520 0
18.199999999999989 0 1 0.0 0.0 20283 20283 0 811320 811320 0
18.29999999999999 0 1 0.0 0.0 20403 20403 0 816120 816120 0
18.399999999999991 0 1 0.0 0.0 20523 20523 0 820920 820920 0
18.499999999999993 0 1 0.0 0.0 20644 20644 0 825760 825760 0
18.599999999999994 0 1 0.0 0.0 20764 20764 0 830560 830560 0
18.699999999999996 0 1 0.0 0.0 20884 20884 0 835360 835360 0
18.799999999999997 0 1 0.0 0.0 21004 21004 0 840160 840160 0
18.899999999999999 0 1 0.0 0.0 21124 21124 0 844960 844960 0
19 0 1 0.0 0.0 21245 21245 0 849800 849800 0
19.100000000000001 0 1 0.0 0.0 21365 21365 0 854600 854600 0
19.200000000000003 0 1 0.0 0.0 21486 21486 0 859440 859440 0
19.300000000000004 0 1 0.0 0.0 21606 21606 0 864240 864240 0
19.400000000000006 0 1 0.0 0.0 21726 21726 0 869040 869040 0
19.500000000000007 0 1 0.0 0.0 21846 21846 0 873840 873840 0
19.600000000000009 0 1 0.0 0.0 21969 21969 0 878760 878760 0
19.70000000000001 0 1 0.0 0.0 22089 22089 0 883560 883560 0
19.800000000000011 0 1 0.0 0.0 22209 22209 0 888360 888360 0
19.900000000000013 0 1 0.0 0.0 22324 22324 0 892960 892960 0
