0 4 3 0 0 0 0 0 0 0 0
0.10000000000000001 4 3 0.0 0.0 0 0 0 0 0 0
0.20000000000000001 4 3 369.99359999999433 0.35783999999999383 236 236 0 235440 235440 0
0.30000000000000004 4 3 66.193919999992232 0.063647999999992516 351 351 0 355040 355040 0
0.40000000000000002 4 3 54.512639999991485 0.052415999999991816 482 482 0 491280 491280 0
0.5 4 3 31.150079999995135 0.029951999999995323 586 586 0 599440 599440 0
0.59999999999999998 4 3 35.043840000010114 0.033696000000009725 735 735 0 754400 754400 0
0.69999999999999996 4 3 11.681280000003371 0.011232000000003241 844 844 0 867760 867760 0
0.79999999999999993 4 3 46.725120000013483 0.044928000000012965 973 973 0 1001920 1001920 0
0.89999999999999991 4 3 22.064640000006367 0.021216000000006122 1110 1110 0 1144400 1144400 0
0.99999999999999989 4 3 16.87296000000487 0.016224000000004683 1201 1201 0 1239040 1239040 0
1.0999999999999999 4 3 37.639680000010863 0.036192000000010445 1349 1349 0 1392960 1392960 0
1.2 4 3 19.468800000005597 0.018720000000005382 1479 1479 0 1528160 1528160 0
1.3 4 3 35.043840000010078 0.03369600000000969 1591 1591 0 1644640 1644640 0
1.4000000000000001 4 3 22.064640000006342 0.021216000000006102 1728 1728 0 1787120 1787120 0
1.5000000000000002 4 3 16.872960000004852 0.016224000000004665 1823 1823 0 1885920 1885920 0
1.6000000000000003 4 3 42.831360000012317 0.041184000000011843 1971 1971 0 2039840 2039840 0
1.7000000000000004 4 3 16.872960000004852 0.016224000000004665 2100 2100 0 2174000 2174000 0
1.8000000000000005 4 3 37.63968000001082 0.036192000000010403 2209 2209 0 2287360 2287360 0
1.9000000000000006 4 3 23.362560000006717 0.022464000000006458 2347 2347 0 2430880 2430880 0
2.0000000000000004 4 3 15.575040000004513 0.01497600000000434 2456 2456 0 2544240 2544240 0
2.1000000000000005 4 3 42.831360000016936 0.041184000000016284 2593 2593 0 2686720 2686720 0
2.2000000000000006 4 3 14.277120000004105 0.013728000000003947 2723 2723 0 2821920 2821920 0
2.3000000000000007 4 3 33.745920000009704 0.03244800000000933 2826 2826 0 2929040 2929040 0
2.4000000000000008 4 3 25.958400000007465 0.024960000000007178 2966 2966 0 3074640 3074640 0
2.5000000000000009 4 3 14.277120000004105 0.013728000000003947 3073 3073 0 3185920 3185920 0
2.600000000000001 4 3 45.427200000013059 0.043680000000012556 3209 3209 0 3327360 3327360 0
2.7000000000000011 4 3 19.468800000005597 0.018720000000005382 3343 3343 0 3466720 3466720 0
2.8000000000000012 4 3 25.958400000007465 0.024960000000007178 3444 3444 0 3571760 3571760 0
2.9000000000000012 4 3 27.256320000007836 0.026208000000007534 3585 3585 0 3718400 3718400 0
3.0000000000000013 4 3 11.681280000003358 0.011232000000003229 3695 3695 0 3832800 3832800 0
3.1000000000000014 4 3 50.618880000014556 0.048672000000013996 3829 3829 0 3972160 3972160 0
3.2000000000000015 4 3 19.468800000005597 0.018720000000005382 3965 3965 0 4113600 4113600 0
3.3000000000000016 4 3 24.660480000007091 0.023712000000006818 4060 4060 0 4212400 4212400 0
3.4000000000000017 4 3 29.852160000008585 0.028704000000008254 4203 4203 0 4361120 4361120 0
3.5000000000000018 4 3 15.575040000004478 0.014976000000004305 4328 4328 0 4491120 4491120 0
3.6000000000000019 4 3 40.235520000011569 0.038688000000011123 4446 4446 0 4613840 4613840 0
3.700000000000002 4 3 19.468800000005597 0.018720000000005382 4582 4582 0 4755280 4755280 0
3.800000000000002 4 3 25.958400000007465 0.024960000000007178 4678 4678 0 4855120 4855120 0
3.9000000000000021 4 3 32.44800000000933 0.031200000000008971 4823 4823 0 5005920 5005920 0
4.0000000000000018 4 3 15.575040000004547 0.014976000000004373 4948 4948 0 5135920 5135920 0
4.1000000000000014 4 3 42.831360000012502 0.041184000000012023 5064 5064 0 5256560 5256560 0
4.2000000000000011 4 3 20.766720000006064 0.019968000000005828 5201 5201 0 5399040 5399040 0
4.3000000000000007 4 3 15.575040000004547 0.014976000000004373 5292 5292 0 5493680 5493680 0
4.4000000000000004 4 3 41.533440000012128 0.039936000000011657 5441 5441 0 5648640 5648640 0
4.5 4 3 19.468800000005682 0.018720000000005465 5572 5572 0 5784880 5784880 0
4.5999999999999996 4 3 32.448000000009472 0.031200000000009109 5681 5681 0 5898240 5898240 0
4.6999999999999993 4 3 22.064640000006442 0.021216000000006195 5819 5819 0 6041760 6041760 0
4.7999999999999989 4 3 16.872960000004927 0.016224000000004738 5917 5917 0 6143680 6143680 0
4.8999999999999986 4 3 46.725120000013639 0.044928000000013117 6064 6064 0 6296560 6296560 0
4.9999999999999982 4 3 15.575040000004547 0.014976000000004373 6193 6193 0 6430720 6430720 0
5.0999999999999979 4 3 33.745920000009853 0.032448000000009476 6298 6298 0 6539920 6539920 0
5.1999999999999975 4 3 25.958400000007579 0.024960000000007289 6439 6439 0 6686560 6686560 0
5.2999999999999972 4 3 16.872960000004927 0.016224000000004738 6552 6552 0 6804080 6804080 0
5.3999999999999968 4 3 40.235520000011746 0.038688000000011297 6683 6683 0 6940320 6940320 0
5.4999999999999964 4 3 16.872960000004927 0.016224000000004738 6816 6816 0 7078640 7078640 0
5.5999999999999961 4 3 32.448000000009472 0.031200000000009109 6917 6917 0 7183680 7183680 0
5.6999999999999957 4 3 25.958400000007579 0.024960000000007289 7057 7057 0 7329280 7329280 0
5.7999999999999954 4 3 14.277120000004169 0.013728000000004008 7169 7169 0 7445760 7445760 0
5.899999999999995 4 3 46.725120000013639 0.044928000000013117 7301 7301 0 7583040 7583040 0
5.9999999999999947 4 3 19.468800000005682 0.018720000000005465 7436 7436 0 7723440 7723440 0
6.0999999999999943 4 3 24.660480000007201 0.023712000000006922 7531 7531 0 7822240 7822240 0
6.199999999999994 4 3 28.554240000008338 0.027456000000008016 7673 7673 0 7969920 7969920 0
6.2999999999999936 4 3 18.170880000005305 0.017472000000005102 7801 7801 0 8103040 8103040 0
6.3999999999999932 4 3 40.235520000011746 0.038688000000011297 7919 7919 0 8225760 8225760 0
6.4999999999999929 4 3 18.170880000005305 0.017472000000005102 8053 8053 0 8365120 8365120 0
6.5999999999999925 4 3 22.064640000006442 0.021216000000006195 8146 8146 0 8461840 8461840 0
6.6999999999999922 4 3 37.639680000010991 0.03619200000001057 8295 8295 0 8616800 8616800 0
6.7999999999999918 4 3 15.575040000004547 0.014976000000004373 8421 8421 0 8747840 8747840 0
6.8999999999999915 4 3 41.533440000012128 0.039936000000011657 8536 8536 0 8867440 8867440 0
6.9999999999999911 4 3 22.064640000006442 0.021216000000006195 8673 8673 0 9009920 9009920 0
7.0999999999999908 4 3 16.872960000004927 0.016224000000004738 8771 8771 0 9111840 9111840 0
7.1999999999999904 4 3 40.235520000011746 0.038688000000011297 8917 8917 0 9263680 9263680 0
7.2999999999999901 4 3 12.979200000003789 0.012480000000003644 9040 9040 0 9391600 9391600 0
7.3999999999999897 4 3 40.235520000011746 0.038688000000011297 9155 9155 0 9511200 9511200 0
7.4999999999999893 4 3 23.36256000000682 0.022464000000006559 9293 9293 0 9654720 9654720 0
7.599999999999989 4 3 14.277120000004169 0.013728000000004008 9390 9390 0 9755600 9755600 0
7.6999999999999886 4 3 42.831360000012502 0.041184000000012023 9533 9533 0 9904320 9904320 0
7.7999999999999883 4 3 19.468800000005682 0.018720000000005465 9666 9666 0 10042640 10042640 0
7.8999999999999879 4 3 29.519360004377511 0.028384000004209143 9772 9771 0 10152880 10151840 0
7.9999999999999876 4 3 24.993279995638407 0.024031999995806162 9911 9911 0 10297440 10297440 0
8.0999999999999872 4 3 15.575040000004547 0.014976000000004373 10013 10013 0 10403520 10403520 0
8.1999999999999869 4 3 45.427200000013265 0.04368000000001275 10154 10154 0 10550160 10550160 0
8.2999999999999865 4 3 18.170880000005305 0.017472000000005102 10286 10286 0 10687440 10687440 0
8.3999999999999861 4 3 31.782400000304392 0.030560000000292683 10390 10389 0 10795600 10794560 0
8.4999999999999858 4 3 26.623999999712662 0.025599999999723712 10530 10530 0 10941200 10941200 0
8.5999999999999854 4 3 15.575040000004547 0.014976000000004373 10648 10648 0 11063920 11063920 0
8.6999999999999851 4 3 41.533440000012128 0.039936000000011657 10774 10774 0 11194960 11194960 0
8.7999999999999847 4 3 18.170880000005305 0.017472000000005102 10908 10908 0 11334320 11334320 0
8.8999999999999844 4 3 29.852160000008716 0.028704000000008379 11008 11008 0 11438320 11438320 0
8.999999999999984 4 3 27.256320000007957 0.026208000000007652 11149 11149 0 11584960 11584960 0
9.0999999999999837 4 3 12.979200000003789 0.012480000000003644 11263 11263 0 11703520 11703520 0
9.1999999999999833 4 3 48.023040000014021 0.046176000000013484 11392 11392 0 11837680 11837680 0
9.2999999999999829 4 3 19.468800000005682 0.018720000000005465 11527 11527 0 11978080 11978080 0
9.3999999999999826 4 3 20.766720000006064 0.019968000000005828 11620 11620 0 12074800 12074800 0
9.4999999999999822 4 3 33.745920000009853 0.032448000000009476 11766 11766 0 12226640 12226640 0
9.5999999999999819 4 3 18.170880000005305 0.017472000000005102 11894 11894 0 12359760 12359760 0
9.6999999999999815 4 3 38.937600000011365 0.03744000000001093 12010 12010 0 12480400 12480400 0
9.7999999999999812 4 3 18.170880000005305 0.017472000000005102 12144 12144 0 12619760 12619760 0
9.8999999999999808 4 3 19.468800000005682 0.018720000000005465 12236 12236 0 12715440 12715440 0
9.9999999999999805 4 3 1.297920000000379 0.0012480000000003643 12237 12237 0 12716480 12716480 0
