0 4 3 0 0 0 0 0 0 0 0
0.10000000000000001 4 3 0.0 0.0 0 0 0 0 0 0
0.20000000000000001 4 3 16811.092479999959 16.164511999999966 85 46 0 87400 46840 0
0.30000000000000004 4 3 49382.149439999994 47.482836000000034 170 94 28 175800 96760 29120
0.40000000000000002 4 3 38325.060800000501 36.851020000000474 185 142 28 191400 146680 29120
0.5 4 3 5728.898240000065 5.5085560000000635 226 186 28 234040 192440 29120
0.59999999999999998 4 3 28964.341119999655 27.850327999999656 294 234 30 304760 242360 31200
0.69999999999999996 4 3 32131.141119999982 30.895327999999957 334 282 30 346360 292280 31200
0.79999999999999993 4 3 7960.3305600001004 7.6541640000000974 371 325 30 384840 337000 31200
0.89999999999999991 4 3 17653.762879999995 16.974772000000012 422 374 30 437880 387960 31200
0.99999999999999989 4 3 19882.212480000071 19.117512000000051 472 422 30 489880 437880 31200
1.0999999999999999 4 3 21922.276480000295 21.079112000000272 522 470 30 541880 487800 31200
1.2 4 3 23798.698560000248 22.883364000000242 571 518 30 592840 537720 31200
1.3 4 3 25697.892480000177 24.709512000000135 621 566 30 644840 587640 31200
1.4000000000000001 4 3 27305.316480000067 26.255112000000075 671 614 30 696840 637560 31200
1.5000000000000002 4 3 28938.794560000144 27.825764000000113 720 662 30 747800 687480 31200
1.6000000000000003 4 3 30431.972479999877 29.261511999999883 770 710 30 799800 737400 31200
1.7000000000000004 4 3 31953.962560000102 30.72496400000006 819 758 30 850760 787320 31200
1.8000000000000005 4 3 33278.277759999677 31.998343999999744 869 806 30 902760 837240 31200
1.9000000000000006 4 3 34690.148479999662 33.355911999999613 919 854 30 954760 887160 31200
2.0000000000000004 4 3 36034.090559999859 34.648163999999902 968 902 30 1005720 937080 31200
2.1000000000000005 4 3 37270.442559999763 35.836963999999789 1017 950 30 1056680 987000 31200
2.2000000000000006 4 3 38462.607040000054 36.983276000000053 1066 999 30 1107640 1037960 31200
2.3000000000000007 4 3 39654.954559999765 38.129763999999831 1115 1047 30 1158600 1087880 31200
2.4000000000000008 4 3 40815.332479999757 39.245511999999813 1165 1095 30 1210600 1137800 31200
2.5000000000000009 4 3 42021.162560000077 40.404964000000021 1214 1143 30 1261560 1187720 31200
2.600000000000001 4 3 43127.722560000089 41.468964000000078 1263 1191 30 1312520 1237640 31200
2.7000000000000011 4 3 44191.018560000193 42.491364000000154 1312 1239 30 1363480 1287560 31200
2.8000000000000012 4 3 45254.314560000254 43.513764000000215 1361 1287 30 1414440 1337480 31200
2.9000000000000012 4 3 46274.346560000238 44.494564000000267 1410 1335 30 1465400 1387400 31200
3.0000000000000013 4 3 47294.378560000332 45.475364000000354 1459 1383 30 1516360 1437320 31200
3.1000000000000014 4 3 48272.581760000787 46.415944000000856 1509 1431 30 1568360 1487240 31200
3.2000000000000015 4 3 49249.578560000591 47.355364000000591 1558 1479 30 1619320 1537160 31200
3.3000000000000016 4 3 50265.712640000122 48.332416000000102 1606 1527 30 1669240 1587080 31200
3.4000000000000017 4 3 50265.712640000129 48.332416000000087 1655 1575 31 1720200 1637000 32240
3.5000000000000018 4 3 35558.502719974254 34.190867999975247 1666 1624 31 1731640 1687960 32240
3.6000000000000019 4 3 9123.4998400095337 8.7725960000091661 1721 1667 31 1788840 1732680 32240
3.700000000000002 4 3 23791.401920000881 22.876348000000874 1770 1715 31 1839800 1782600 32240
3.800000000000002 4 3 25681.63520000186 24.693880000001773 1820 1763 31 1891800 1832520 32240
3.9000000000000021 4 3 27288.776320001056 26.239208000000986 1870 1812 31 1943800 1883480 32240
4.0000000000000018 4 3 28929.833920001056 27.817148000001016 1919 1860 31 1994760 1933400 32240
4.1000000000000014 4 3 30414.051200002414 29.244280000002313 1969 1908 31 2046760 1983320 32240
4.2000000000000011 4 3 31945.001920001294 30.716348000001247 2018 1956 31 2097720 2033240 32240
4.3000000000000007 4 3 33267.881920001208 31.988348000001135 2067 2004 31 2148680 2083160 32240
4.4000000000000004 4 3 34670.56320000151 33.337080000001471 2117 2052 31 2200680 2133080 32240
4.5 4 3 36023.465920000795 34.637948000000783 2166 2100 31 2251640 2183000 32240
4.5999999999999996 4 3 37259.817920000707 35.826748000000663 2215 2148 31 2302600 2232920 32240
4.6999999999999993 4 3 38452.905920000601 36.973948000000533 2264 2196 31 2353560 2282840 32240
4.7999999999999989 4 3 39646.788480000301 38.121912000000243 2314 2244 31 2405560 2332760 32240
4.8999999999999986 4 3 40799.075199999781 39.22987999999981 2364 2292 31 2457560 2382680 32240
4.9999999999999982 4 3 42013.865919999866 40.39794799999985 2413 2340 31 2508520 2432600 32240
5.0999999999999979 4 3 43120.425919999725 41.461947999999708 2462 2388 31 2559480 2482520 32240
5.1999999999999975 4 3 44183.439040000267 42.484076000000336 2511 2437 31 2610440 2533480 32240
5.2999999999999972 4 3 45245.353919999543 43.505147999999572 2560 2485 31 2661400 2583400 32240
5.3999999999999968 4 3 46265.385919999375 44.485947999999418 2609 2533 31 2712360 2633320 32240
5.4999999999999964 4 3 47285.417919999258 45.466747999999264 2658 2581 31 2763320 2683240 32240
5.5999999999999961 4 3 48262.18591999913 46.405947999999107 2707 2629 31 2814280 2733160 32240
5.6999999999999957 4 3 49238.953919998872 47.345147999998943 2756 2677 31 2865240 2783080 32240
5.7999999999999954 4 3 50264.048640000488 48.330816000000453 2804 2725 31 2915160 2833000 32240
5.899999999999995 4 3 50264.048640000496 48.330816000000453 2853 2773 32 2966120 2882920 33280
5.9999999999999947 4 3 35888.436480071796 34.508112000069033 2865 2821 32 2978600 2932840 33280
6.0999999999999943 4 3 9030.5113599783108 8.6831839999791463 2919 2865 32 3034760 2978600 33280
6.199999999999994 4 3 23780.777279998267 22.866131999998291 2968 2913 32 3085720 3028520 33280
6.2999999999999936 4 3 25662.049919995701 24.675047999995872 3018 2961 32 3137720 3078440 33280
6.3999999999999932 4 3 27269.473919995315 26.220647999995506 3068 3009 32 3189720 3128360 33280
6.4999999999999929 4 3 28921.027199994998 27.808679999995142 3118 3057 32 3241720 3178280 33280
6.5999999999999925 4 3 30397.793919994558 29.228647999994759 3168 3105 32 3293720 3228200 33280
6.6999999999999922 4 3 31937.705279997266 30.709331999997371 3217 3153 32 3344680 3278120 33280
6.7999999999999918 4 3 33260.585279997176 31.981331999997263 3266 3201 32 3395640 3328040 33280
6.8999999999999915 4 3 34654.305919993611 33.321447999993872 3316 3249 32 3447640 3377960 33280
6.9999999999999911 4 3 36014.863040000353 34.629676000000359 3365 3298 32 3498600 3428920 33280
7.0999999999999908 4 3 37250.857279996839 35.818131999996936 3414 3346 32 3549560 3478840 33280
7.1999999999999904 4 3 38443.945279996726 36.965331999996813 3463 3394 32 3600520 3528760 33280
7.2999999999999901 4 3 39637.033279996598 38.112531999996683 3512 3442 32 3651480 3578680 33280
7.3999999999999897 4 3 40786.857279996395 39.218131999996551 3561 3490 32 3702440 3628600 33280
7.4999999999999893 4 3 41995.873919991944 40.380647999992235 3611 3538 32 3754440 3678520 33280
7.599999999999989 4 3 43109.801279995998 41.451731999996134 3660 3586 32 3805400 3728440 33280
7.6999999999999886 4 3 44173.09727999576 42.47413199999599 3709 3634 32 3856360 3778360 33280
7.7999999999999883 4 3 45236.54719999084 43.496679999991201 3759 3682 32 3908360 3828280 33280
7.8999999999999879 4 3 46258.089279995336 44.478931999995538 3808 3730 32 3959320 3878200 33280
7.9999999999999876 4 3 47278.121279995219 45.459731999995391 3857 3778 32 4010280 3928120 33280
8.0999999999999872 4 3 48254.889279993731 46.398931999993977 3906 3826 32 4061240 3978040 33280
8.1999999999999869 4 3 49231.657279993939 47.338131999994168 3955 3874 32 4112200 4027960 33280
8.2999999999999865 4 3 50264.406400002888 48.331160000002718 4003 3923 32 4162120 4078920 33280
8.3999999999999861 4 3 50264.048639998327 48.330815999998322 4052 3971 33 4213080 4128840 34320
8.4999999999999858 4 3 36211.019520136695 34.818288000131453 4064 4019 33 4225560 4178760 34320
8.5999999999999854 4 3 8939.9065599600199 8.5960639999615598 4118 4062 33 4281720 4223480 34320
8.6999999999999851 4 3 23772.815039998379 22.858475999998415 4167 4111 33 4332680 4274440 34320
8.7999999999999847 4 3 25644.128639991963 24.657815999992287 4217 4159 33 4384680 4324360 34320
8.8999999999999844 4 3 27251.552639992668 26.203415999992966 4267 4207 33 4436680 4374280 34320
8.999999999999984 4 3 28911.912639995728 27.799915999995914 4316 4255 33 4487640 4424200 34320
9.0999999999999837 4 3 30378.208639993802 29.209815999994074 4366 4303 33 4539640 4474120 34320
9.1999999999999833 4 3 31927.080639996369 30.699115999996497 4415 4351 33 4590600 4524040 34320
9.2999999999999829 4 3 33249.960639996607 31.971115999996698 4464 4399 33 4641560 4573960 34320
9.3999999999999826 4 3 34634.720639995488 33.302615999995716 4514 4447 33 4693560 4623880 34320
9.4999999999999822 4 3 36005.544639997228 34.620715999997351 4563 4495 33 4744520 4673800 34320
9.5999999999999819 4 3 37243.073919996816 35.810647999996966 4613 4543 33 4796520 4723720 34320
9.6999999999999815 4 3 38436.648639997977 36.958315999998085 4662 4591 33 4847480 4773640 34320
9.7999999999999812 4 3 39629.736639998264 38.105515999998325 4711 4639 33 4898440 4823560 34320
9.8999999999999808 4 3 40779.560639998555 39.211115999998576 4760 4687 33 4949400 4873480 34320
9.9999999999999805 4 3 16912.89599998463 16.262399999985234 4760 4727 33 4949400 4915080 34320
