0 4 3 0 0 0 0 0 0 0 0
0.10000000000000001 4 3 0.0 0.0 0 0 0 0 0 0
0.20000000000000001 4 3 16811.092479999959 16.164511999999966 85 46 0 87400 46840 0
0.30000000000000004 4 3 49382.149439999994 47.482836000000034 170 94 28 175800 96760 29120
0.40000000000000002 4 3 38325.060800000501 36.851020000000474 185 142 28 191400 146680 29120
0.5 4 3 5728.898240000065 5.5085560000000635 226 186 28 234040 192440 29120
0.59999999999999998 4 3 28964.341119999655 27.850327999999656 294 234 30 304760 242360 31200
0.69999999999999996 4 3 32131.141119999982 30.895327999999957 334 282 30 346360 292280 31200
0.79999999999999993 4 3 7960.3305600001004 7.6541640000000974 371 325 30 384840 337000 31200
0.89999999999999991 4 3 17653.762879999995 16.974772000000012 422 374 30 437880 387960 31200
0.99999999999999989 4 3 19882.212480000071 19.117512000000051 472 422 30 489880 437880 31200
1.0999999999999999 4 3 21922.276480000295 21.079112000000272 522 470 30 541880 487800 31200
1.2 4 3 23798.698560000248 22.883364000000242 571 518 30 592840 537720 31200
1.3 4 3 25697.892480000177 24.709512000000135 621 566 30 644840 587640 31200
1.4000000000000001 4 3 27305.316480000067 26.255112000000075 671 614 30 696840 637560 31200
1.5000000000000002 4 3 28938.794560000144 27.825764000000113 720 662 30 747800 687480 31200
1.6000000000000003 4 3 30431.972479999877 29.261511999999883 770 710 30 799800 737400 31200
1.7000000000000004 4 3 31953.962560000102 30.72496400000006 819 758 30 850760 787320 31200
1.8000000000000005 4 3 33278.277759999677 31.998343999999744 869 806 30 902760 837240 31200
1.9000000000000006 4 3 34690.148479999662 33.355911999999613 919 854 30 954760 887160 31200
2.0000000000000004 4 3 36034.090559999859 34.648163999999902 968 902 30 1005720 937080 31200
2.1000000000000005 4 3 37270.442559999763 35.836963999999789 1017 950 30 1056680 987000 31200
2.2000000000000006 4 3 38462.607040000054 36.983276000000053 1066 999 30 1107640 1037960 31200
2.3000000000000007 4 3 39654.954559999765 38.129763999999831 1115 1047 30 1158600 1087880 31200
2.4000000000000008 4 3 40815.332479999757 39.245511999999813 1165 1095 30 1210600 1137800 31200
2.5000000000000009 4 3 42021.162560000077 40.404964000000021 1214 1143 30 1261560 1187720 31200
2.600000000000001 4 3 43127.722560000089 41.468964000000078 1263 1191 30 1312520 1237640 31200
2.7000000000000011 4 3 44191.018560000193 42.491364000000154 1312 1239 30 1363480 1287560 31200
2.8000000000000012 4 3 45254.314560000254 43.513764000000215 1361 1287 30 1414440 1337480 31200
2.9000000000000012 4 3 46274.346560000238 44.494564000000267 1410 1335 30 1465400 1387400 31200
3.0000000000000013 4 3 47294.378560000332 45.475364000000354 1459 1383 30 1516360 1437320 31200
3.1000000000000014 4 3 47780.666959995353 45.9429489999956 1509 1431 30 1568360 1487240 31200
3.2000000000000015 4 3 48777.470560000416 46.901414000000422 1558 1479 30 1619320 1537160 31200
3.3000000000000016 4 3 49793.604639999976 47.878465999999946 1606 1527 30 1669240 1587080 31200
3.4000000000000017 4 3 49995.172239998756 48.072280999998796 1653 1575 31 1718120 1637000 32240
3.5000000000000018 4 3 35356.935119975438 33.997052999976383 1666 1624 31 1731640 1687960 32240
3.6000000000000019 4 3 8651.3918400093662 8.3186460000090054 1721 1667 31 1788840 1732680 32240
3.700000000000002 4 3 23319.29392000072 22.422398000000715 1770 1715 31 1839800 1782600 32240
3.800000000000002 4 3 25228.024640000815 24.257716000000766 1819 1763 31 1890760 1832520 32240
3.9000000000000021 4 3 27034.22488000185 25.994447000001752 1870 1812 31 1943800 1883480 32240
4.0000000000000018 4 3 28379.499199991737 27.287979999992057 1919 1860 31 1994760 1933400 32240
4.1000000000000014 4 3 29792.953839985537 28.647070999986109 1969 1908 31 2046760 1983320 32240
4.2000000000000011 4 3 31410.408639988178 30.202315999988638 2018 1956 31 2097720 2033240 32240
4.3000000000000007 4 3 32860.104159994458 31.596253999994655 2065 2004 31 2146600 2083160 32240
4.4000000000000004 4 3 34358.904320002999 33.037408000002905 2117 2052 31 2200680 2133080 32240
4.5 4 3 35526.267920001119 34.159873000001085 2166 2100 31 2251640 2183000 32240
4.5999999999999996 4 3 36787.709920000983 35.372798000000934 2215 2148 31 2302600 2232920 32240
4.6999999999999993 4 3 37869.241280000606 36.41273200000056 2264 2196 31 2353560 2282840 32240
4.7999999999999989 4 3 39278.540080001359 37.767827000001262 2311 2244 31 2402440 2332760 32240
4.8999999999999986 4 3 40299.441520002569 38.749463000002486 2364 2292 31 2457560 2382680 32240
4.9999999999999982 4 3 41505.896640005696 39.909516000005461 2413 2340 31 2508520 2432600 32240
5.0999999999999979 4 3 42631.859920000024 40.992173000000015 2462 2388 31 2559480 2482520 32240
5.1999999999999975 4 3 43728.164480001316 42.046312000001308 2510 2437 31 2609400 2533480 32240
5.2999999999999972 4 3 44992.466479998962 43.26198699999901 2560 2485 31 2661400 2583400 32240
5.3999999999999968 4 3 45793.277919999666 44.031997999999689 2609 2533 31 2712360 2633320 32240
5.4999999999999964 4 3 46670.560560018341 44.875539000017632 2658 2581 31 2763320 2683240 32240
5.5999999999999961 4 3 47688.304560021155 45.854139000020311 2707 2629 31 2814280 2733160 32240
5.6999999999999957 4 3 48796.610720017925 46.919818000017273 2753 2677 31 2862120 2783080 32240
5.7999999999999954 4 3 49927.136480006491 48.00686200000623 2804 2725 31 2915160 2833000 32240
5.899999999999995 4 3 49856.881360000792 47.939309000000762 2853 2773 32 2966120 2882920 33280
5.9999999999999947 4 3 39403.416000062309 37.887900000059915 2871 2821 33 2984840 2932840 34320
6.0999999999999943 4 3 8176.945919990565 7.8624479999909278 2919 2865 33 3034760 2978600 34320
6.199999999999994 4 3 24632.986559993842 23.685563999994081 2970 2913 33 3087800 3028520 34320
6.2999999999999936 4 3 26334.30591999563 25.321447999995819 3020 2961 33 3139800 3078440 34320
6.3999999999999932 4 3 27965.737279997891 26.890131999997998 3069 3009 33 3190760 3128360 34320
6.4999999999999929 4 3 29590.907839992284 28.452795999992546 3120 3057 33 3243800 3178280 34320
6.5999999999999925 4 3 31047.465279997428 29.853331999997543 3169 3105 33 3294760 3228200 34320
6.6999999999999922 4 3 32459.489919994259 31.211047999994456 3219 3153 33 3346760 3278120 34320
6.7999999999999918 4 3 33954.473279997073 32.648531999997211 3268 3201 33 3397720 3328040 34320
6.8999999999999915 4 3 35212.457279996961 33.858131999997092 3317 3249 33 3448680 3377960 34320
6.9999999999999911 4 3 36469.135040000445 35.066476000000428 3366 3298 33 3499640 3428920 34320
7.0999999999999908 4 3 37757.665919993196 36.305447999993426 3416 3346 33 3551640 3478840 34320
7.1999999999999904 4 3 39029.673279996663 37.528531999996744 3465 3394 33 3602600 3528760 34320
7.2999999999999901 4 3 40201.129279996472 38.654931999996613 3514 3442 33 3653560 3578680 34320
7.3999999999999897 4 3 41329.321279996329 39.739731999996479 3563 3490 33 3704520 3628600 34320
7.4999999999999893 4 3 42457.513279996223 40.824531999996339 3612 3538 33 3755480 3678520 34320
7.599999999999989 4 3 43542.441279996005 41.867731999996195 3661 3586 33 3806440 3728440 34320
7.6999999999999886 4 3 44627.369279995844 42.910931999996052 3710 3634 33 3857400 3778360 34320
7.7999999999999883 4 3 45669.187199990927 43.912679999991269 3760 3682 33 3909400 3828280 34320
7.8999999999999879 4 3 46712.361279995421 44.915731999995607 3809 3730 33 3960360 3878200 34320
7.9999999999999876 4 3 47710.761279995299 45.875731999995452 3858 3778 33 4011320 3928120 34320
8.0999999999999872 4 3 48709.161279993605 46.835731999993854 3907 3826 33 4062280 3978040 34320
8.1999999999999869 4 3 49664.297279993873 47.754131999994051 3956 3874 33 4113240 4027960 34320
8.2999999999999865 4 3 50264.406400002888 48.331160000002718 4005 3923 34 4164200 4078920 35360
8.3999999999999861 4 3 49394.055360034778 47.494284000033396 4044 3971 34 4204760 4128840 35360
8.4999999999999858 4 3 16835.728000143441 16.188200000137932 4050 4014 34 4211000 4173560 35360
8.5999999999999854 4 3 17374.119359920089 16.705883999923159 4119 4062 34 4282760 4223480 35360
8.6999999999999851 4 3 24645.063039994893 23.697175999995071 4169 4111 34 4334760 4274440 35360
8.7999999999999847 4 3 26338.016639992013 25.325015999992377 4219 4159 34 4386760 4324360 35360
8.8999999999999844 4 3 27956.776639995467 26.881515999995614 4268 4207 34 4437720 4374280 35360
8.999999999999984 4 3 29594.464639993181 28.45621599999345 4318 4255 34 4489720 4424200 35360
9.0999999999999837 4 3 31058.472639996013 29.863915999996173 4367 4303 34 4540680 4474120 35360
9.1999999999999833 4 3 32461.536639994454 31.213015999994628 4417 4351 34 4592680 4524040 35360
9.2999999999999829 4 3 33943.84863999665 32.638315999996792 4466 4399 34 4643640 4573960 35360
9.3999999999999826 4 3 35223.46463999679 33.868715999997001 4515 4447 34 4694600 4623880 35360
9.4999999999999822 4 3 36459.816639997152 35.057515999997229 4564 4495 34 4745560 4673800 35360
9.5999999999999819 4 3 37762.553919996011 36.310147999996211 4615 4543 34 4798600 4723720 35360
9.6999999999999815 4 3 39044.008639998101 37.542315999998202 4664 4591 34 4849560 4773640 35360
9.7999999999999812 4 3 40193.832639998407 38.647915999998453 4713 4639 34 4900520 4823560 35360
9.8999999999999808 4 3 41343.656639998699 39.753515999998697 4762 4687 34 4951480 4873480 35360
9.9999999999999805 4 3 17779.174399984127 17.095359999984748 4762 4728 34 4951480 4916120 35360
